<?xml version="1.0" encoding="utf-8"?>
<CoverageSession xmlns:xsi="http://www.w3.org/2001/XMLSchema-instance" xmlns:xsd="http://www.w3.org/2001/XMLSchema" Version="4.6.0.0">
  <Summary numSequencePoints="43" visitedSequencePoints="0" numBranchPoints="8" visitedBranchPoints="0" sequenceCoverage="0" branchCoverage="0" maxCyclomaticComplexity="2" minCyclomaticComplexity="1" maxCrapScore="6" minCrapScore="2" visitedClasses="0" numClasses="3" visitedMethods="0" numMethods="8" />
  <Modules>
    <Module hash="C6-F5-97-80-B0-90-FA-DB-F1-68-A3-A7-68-53-C1-6D-D2-AE-B5-88">
      <Summary numSequencePoints="43" visitedSequencePoints="0" numBranchPoints="8" visitedBranchPoints="0" sequenceCoverage="0" branchCoverage="0" maxCyclomaticComplexity="2" minCyclomaticComplexity="1" maxCrapScore="6" minCrapScore="2" visitedClasses="0" numClasses="3" visitedMethods="0" numMethods="8" />
      <ModulePath>C:\Git\96522321\myFirstProject\Assignment6\Assignment5\Assignment5\UnitTestProject1\bin\Debug\UnitTestProject1.dll</ModulePath>
      <ModuleTime>2018-04-29T11:06:14.3891319Z</ModuleTime>
      <ModuleName>UnitTestProject1</ModuleName>
      <Files>
        <File uid="1" fullPath="C:\Git\96522321\myFirstProject\Assignment6\Assignment5\Assignment5\UnitTestProject1\ProgramTests.cs" />
        <File uid="2" fullPath="C:\Git\96522321\myFirstProject\Assignment6\Assignment5\Assignment5\UnitTestProject1\RecipeBookTests.cs" />
        <File uid="3" fullPath="C:\Git\96522321\myFirstProject\Assignment6\Assignment5\Assignment5\UnitTestProject1\RecipeTests.cs" />
      </Files>
      <Classes>
        <Class>
          <Summary numSequencePoints="11" visitedSequencePoints="0" numBranchPoints="2" visitedBranchPoints="0" sequenceCoverage="0" branchCoverage="0" maxCyclomaticComplexity="2" minCyclomaticComplexity="1" maxCrapScore="6" minCrapScore="2" visitedClasses="0" numClasses="1" visitedMethods="0" numMethods="2" />
          <FullName>UnitTestProject1.ProgramTests</FullName>
          <Methods>
            <Method visited="false" cyclomaticComplexity="1" nPathComplexity="0" sequenceCoverage="0" branchCoverage="0" crapScore="2" isConstructor="false" isStatic="false" isGetter="false" isSetter="false">
              <Summary numSequencePoints="5" visitedSequencePoints="0" numBranchPoints="1" visitedBranchPoints="0" sequenceCoverage="0" branchCoverage="0" maxCyclomaticComplexity="1" minCyclomaticComplexity="1" maxCrapScore="2" minCrapScore="2" visitedClasses="0" numClasses="0" visitedMethods="0" numMethods="1" />
              <MetadataToken>100663297</MetadataToken>
              <Name>System.Void UnitTestProject1.ProgramTests::Addtest()</Name>
              <FileRef uid="1" />
              <SequencePoints>
                <SequencePoint vc="0" uspid="1" ordinal="0" offset="0" sl="13" sc="9" el="13" ec="10" bec="0" bev="0" fileid="1" />
                <SequencePoint vc="0" uspid="2" ordinal="1" offset="1" sl="14" sc="13" el="14" ec="74" bec="0" bev="0" fileid="1" />
                <SequencePoint vc="0" uspid="3" ordinal="2" offset="13" sl="15" sc="13" el="15" ec="111" bec="0" bev="0" fileid="1" />
                <SequencePoint vc="0" uspid="4" ordinal="3" offset="58" sl="16" sc="13" el="16" ec="47" bec="0" bev="0" fileid="1" />
                <SequencePoint vc="0" uspid="5" ordinal="4" offset="71" sl="17" sc="9" el="17" ec="10" bec="0" bev="0" fileid="1" />
              </SequencePoints>
              <BranchPoints />
              <MethodPoint xsi:type="SequencePoint" vc="0" uspid="1" ordinal="0" offset="0" sl="13" sc="9" el="13" ec="10" bec="0" bev="0" fileid="1" />
            </Method>
            <Method visited="false" cyclomaticComplexity="2" nPathComplexity="0" sequenceCoverage="0" branchCoverage="0" crapScore="6" isConstructor="false" isStatic="false" isGetter="false" isSetter="false">
              <Summary numSequencePoints="6" visitedSequencePoints="0" numBranchPoints="1" visitedBranchPoints="0" sequenceCoverage="0" branchCoverage="0" maxCyclomaticComplexity="2" minCyclomaticComplexity="2" maxCrapScore="6" minCrapScore="6" visitedClasses="0" numClasses="0" visitedMethods="0" numMethods="1" />
              <MetadataToken>100663298</MetadataToken>
              <Name>System.Void UnitTestProject1.ProgramTests::Filestreamtest()</Name>
              <FileRef uid="1" />
              <SequencePoints>
                <SequencePoint vc="0" uspid="6" ordinal="0" offset="0" sl="21" sc="9" el="21" ec="10" bec="0" bev="0" fileid="1" />
                <SequencePoint vc="0" uspid="7" ordinal="1" offset="1" sl="22" sc="20" el="22" ec="94" bec="0" bev="0" fileid="1" />
                <SequencePoint vc="0" uspid="8" ordinal="2" offset="12" sl="23" sc="13" el="23" ec="14" bec="0" bev="0" fileid="1" />
                <SequencePoint vc="0" uspid="9" ordinal="3" offset="13" sl="24" sc="17" el="24" ec="63" bec="0" bev="0" fileid="1" />
                <SequencePoint vc="0" uspid="10" ordinal="4" offset="25" sl="25" sc="13" el="25" ec="14" bec="0" bev="0" fileid="1" />
                <SequencePoint vc="0" uspid="11" ordinal="5" offset="39" sl="26" sc="9" el="26" ec="10" bec="0" bev="0" fileid="1" />
              </SequencePoints>
              <BranchPoints />
              <MethodPoint xsi:type="SequencePoint" vc="0" uspid="6" ordinal="0" offset="0" sl="21" sc="9" el="21" ec="10" bec="0" bev="0" fileid="1" />
            </Method>
            <Method visited="false" cyclomaticComplexity="1" nPathComplexity="0" sequenceCoverage="0" branchCoverage="0" crapScore="2" isConstructor="true" isStatic="false" isGetter="false" isSetter="false">
              <Summary numSequencePoints="0" visitedSequencePoints="0" numBranchPoints="0" visitedBranchPoints="0" sequenceCoverage="0" branchCoverage="0" maxCyclomaticComplexity="1" minCyclomaticComplexity="1" maxCrapScore="2" minCrapScore="2" visitedClasses="0" numClasses="0" visitedMethods="0" numMethods="0" />
              <MetadataToken>100663299</MetadataToken>
              <Name>System.Void UnitTestProject1.ProgramTests::.ctor()</Name>
              <SequencePoints />
              <BranchPoints />
              <MethodPoint vc="0" uspid="12" ordinal="0" offset="0" />
            </Method>
          </Methods>
        </Class>
        <Class>
          <Summary numSequencePoints="21" visitedSequencePoints="0" numBranchPoints="4" visitedBranchPoints="0" sequenceCoverage="0" branchCoverage="0" maxCyclomaticComplexity="2" minCyclomaticComplexity="1" maxCrapScore="6" minCrapScore="2" visitedClasses="0" numClasses="1" visitedMethods="0" numMethods="4" />
          <FullName>UnitTestProject1.RecipeBookTests</FullName>
          <Methods>
            <Method visited="false" cyclomaticComplexity="1" nPathComplexity="0" sequenceCoverage="0" branchCoverage="0" crapScore="2" isConstructor="false" isStatic="false" isGetter="false" isSetter="false">
              <Summary numSequencePoints="3" visitedSequencePoints="0" numBranchPoints="1" visitedBranchPoints="0" sequenceCoverage="0" branchCoverage="0" maxCyclomaticComplexity="1" minCyclomaticComplexity="1" maxCrapScore="2" minCrapScore="2" visitedClasses="0" numClasses="0" visitedMethods="0" numMethods="1" />
              <MetadataToken>100663300</MetadataToken>
              <Name>System.Void UnitTestProject1.RecipeBookTests::AddTest()</Name>
              <FileRef uid="2" />
              <SequencePoints>
                <SequencePoint vc="0" uspid="13" ordinal="0" offset="0" sl="17" sc="13" el="17" ec="14" bec="0" bev="0" fileid="2" />
                <SequencePoint vc="0" uspid="14" ordinal="1" offset="1" sl="18" sc="17" el="18" ec="63" bec="0" bev="0" fileid="2" />
                <SequencePoint vc="0" uspid="15" ordinal="2" offset="24" sl="19" sc="13" el="19" ec="14" bec="0" bev="0" fileid="2" />
              </SequencePoints>
              <BranchPoints />
              <MethodPoint xsi:type="SequencePoint" vc="0" uspid="13" ordinal="0" offset="0" sl="17" sc="13" el="17" ec="14" bec="0" bev="0" fileid="2" />
            </Method>
            <Method visited="false" cyclomaticComplexity="2" nPathComplexity="0" sequenceCoverage="0" branchCoverage="0" crapScore="6" isConstructor="false" isStatic="false" isGetter="false" isSetter="false">
              <Summary numSequencePoints="9" visitedSequencePoints="0" numBranchPoints="1" visitedBranchPoints="0" sequenceCoverage="0" branchCoverage="0" maxCyclomaticComplexity="2" minCyclomaticComplexity="2" maxCrapScore="6" minCrapScore="6" visitedClasses="0" numClasses="0" visitedMethods="0" numMethods="1" />
              <MetadataToken>100663301</MetadataToken>
              <Name>System.Void UnitTestProject1.RecipeBookTests::SaveTest()</Name>
              <FileRef uid="2" />
              <SequencePoints>
                <SequencePoint vc="0" uspid="16" ordinal="0" offset="0" sl="23" sc="9" el="23" ec="10" bec="0" bev="0" fileid="2" />
                <SequencePoint vc="0" uspid="17" ordinal="1" offset="1" sl="24" sc="13" el="24" ec="44" bec="0" bev="0" fileid="2" />
                <SequencePoint vc="0" uspid="18" ordinal="2" offset="19" sl="25" sc="13" el="25" ec="54" bec="0" bev="0" fileid="2" />
                <SequencePoint vc="0" uspid="19" ordinal="3" offset="37" sl="26" sc="13" el="26" ec="48" bec="0" bev="0" fileid="2" />
                <SequencePoint vc="0" uspid="20" ordinal="4" offset="54" sl="27" sc="20" el="27" ec="94" bec="0" bev="0" fileid="2" />
                <SequencePoint vc="0" uspid="21" ordinal="5" offset="65" sl="28" sc="13" el="28" ec="14" bec="0" bev="0" fileid="2" />
                <SequencePoint vc="0" uspid="22" ordinal="6" offset="66" sl="29" sc="17" el="29" ec="63" bec="0" bev="0" fileid="2" />
                <SequencePoint vc="0" uspid="23" ordinal="7" offset="78" sl="30" sc="13" el="30" ec="14" bec="0" bev="0" fileid="2" />
                <SequencePoint vc="0" uspid="24" ordinal="8" offset="92" sl="31" sc="9" el="31" ec="10" bec="0" bev="0" fileid="2" />
              </SequencePoints>
              <BranchPoints />
              <MethodPoint xsi:type="SequencePoint" vc="0" uspid="16" ordinal="0" offset="0" sl="23" sc="9" el="23" ec="10" bec="0" bev="0" fileid="2" />
            </Method>
            <Method visited="false" cyclomaticComplexity="1" nPathComplexity="0" sequenceCoverage="0" branchCoverage="0" crapScore="2" isConstructor="false" isStatic="false" isGetter="false" isSetter="false">
              <Summary numSequencePoints="6" visitedSequencePoints="0" numBranchPoints="1" visitedBranchPoints="0" sequenceCoverage="0" branchCoverage="0" maxCyclomaticComplexity="1" minCyclomaticComplexity="1" maxCrapScore="2" minCrapScore="2" visitedClasses="0" numClasses="0" visitedMethods="0" numMethods="1" />
              <MetadataToken>100663302</MetadataToken>
              <Name>System.Void UnitTestProject1.RecipeBookTests::LoadTest()</Name>
              <FileRef uid="2" />
              <SequencePoints>
                <SequencePoint vc="0" uspid="25" ordinal="0" offset="0" sl="35" sc="9" el="35" ec="10" bec="0" bev="0" fileid="2" />
                <SequencePoint vc="0" uspid="26" ordinal="1" offset="1" sl="36" sc="13" el="36" ec="54" bec="0" bev="0" fileid="2" />
                <SequencePoint vc="0" uspid="27" ordinal="2" offset="19" sl="37" sc="13" el="37" ec="44" bec="0" bev="0" fileid="2" />
                <SequencePoint vc="0" uspid="28" ordinal="3" offset="37" sl="38" sc="13" el="38" ec="48" bec="0" bev="0" fileid="2" />
                <SequencePoint vc="0" uspid="29" ordinal="4" offset="54" sl="39" sc="13" el="39" ec="63" bec="0" bev="0" fileid="2" />
                <SequencePoint vc="0" uspid="30" ordinal="5" offset="76" sl="40" sc="9" el="40" ec="10" bec="0" bev="0" fileid="2" />
              </SequencePoints>
              <BranchPoints />
              <MethodPoint xsi:type="SequencePoint" vc="0" uspid="25" ordinal="0" offset="0" sl="35" sc="9" el="35" ec="10" bec="0" bev="0" fileid="2" />
            </Method>
            <Method visited="false" cyclomaticComplexity="1" nPathComplexity="0" sequenceCoverage="0" branchCoverage="0" crapScore="2" isConstructor="true" isStatic="false" isGetter="false" isSetter="false">
              <Summary numSequencePoints="3" visitedSequencePoints="0" numBranchPoints="1" visitedBranchPoints="0" sequenceCoverage="0" branchCoverage="0" maxCyclomaticComplexity="1" minCyclomaticComplexity="1" maxCrapScore="2" minCrapScore="2" visitedClasses="0" numClasses="0" visitedMethods="0" numMethods="1" />
              <MetadataToken>100663303</MetadataToken>
              <Name>System.Void UnitTestProject1.RecipeBookTests::.ctor()</Name>
              <FileRef uid="2" />
              <SequencePoints>
                <SequencePoint vc="0" uspid="31" ordinal="0" offset="0" sl="11" sc="13" el="11" ec="74" bec="0" bev="0" fileid="2" />
                <SequencePoint vc="0" uspid="32" ordinal="1" offset="17" sl="12" sc="13" el="12" ec="82" bec="0" bev="0" fileid="2" />
                <SequencePoint vc="0" uspid="33" ordinal="2" offset="52" sl="13" sc="13" el="13" ec="111" bec="0" bev="0" fileid="2" />
              </SequencePoints>
              <BranchPoints />
              <MethodPoint xsi:type="SequencePoint" vc="0" uspid="31" ordinal="0" offset="0" sl="11" sc="13" el="11" ec="74" bec="0" bev="0" fileid="2" />
            </Method>
          </Methods>
        </Class>
        <Class>
          <Summary numSequencePoints="11" visitedSequencePoints="0" numBranchPoints="2" visitedBranchPoints="0" sequenceCoverage="0" branchCoverage="0" maxCyclomaticComplexity="1" minCyclomaticComplexity="1" maxCrapScore="2" minCrapScore="2" visitedClasses="0" numClasses="1" visitedMethods="0" numMethods="2" />
          <FullName>UnitTestProject1.RecipeTests</FullName>
          <Methods>
            <Method visited="false" cyclomaticComplexity="1" nPathComplexity="0" sequenceCoverage="0" branchCoverage="0" crapScore="2" isConstructor="false" isStatic="false" isGetter="false" isSetter="false">
              <Summary numSequencePoints="5" visitedSequencePoints="0" numBranchPoints="1" visitedBranchPoints="0" sequenceCoverage="0" branchCoverage="0" maxCyclomaticComplexity="1" minCyclomaticComplexity="1" maxCrapScore="2" minCrapScore="2" visitedClasses="0" numClasses="0" visitedMethods="0" numMethods="1" />
              <MetadataToken>100663304</MetadataToken>
              <Name>System.Void UnitTestProject1.RecipeTests::AddIngredientTest()</Name>
              <FileRef uid="3" />
              <SequencePoints>
                <SequencePoint vc="0" uspid="34" ordinal="0" offset="0" sl="12" sc="9" el="12" ec="10" bec="0" bev="0" fileid="3" />
                <SequencePoint vc="0" uspid="35" ordinal="1" offset="1" sl="13" sc="13" el="13" ec="82" bec="0" bev="0" fileid="3" />
                <SequencePoint vc="0" uspid="36" ordinal="2" offset="31" sl="14" sc="13" el="14" ec="117" bec="0" bev="0" fileid="3" />
                <SequencePoint vc="0" uspid="37" ordinal="3" offset="76" sl="15" sc="13" el="15" ec="69" bec="0" bev="0" fileid="3" />
                <SequencePoint vc="0" uspid="38" ordinal="4" offset="89" sl="16" sc="9" el="16" ec="10" bec="0" bev="0" fileid="3" />
              </SequencePoints>
              <BranchPoints />
              <MethodPoint xsi:type="SequencePoint" vc="0" uspid="34" ordinal="0" offset="0" sl="12" sc="9" el="12" ec="10" bec="0" bev="0" fileid="3" />
            </Method>
            <Method visited="false" cyclomaticComplexity="1" nPathComplexity="0" sequenceCoverage="0" branchCoverage="0" crapScore="2" isConstructor="false" isStatic="false" isGetter="false" isSetter="false">
              <Summary numSequencePoints="6" visitedSequencePoints="0" numBranchPoints="1" visitedBranchPoints="0" sequenceCoverage="0" branchCoverage="0" maxCyclomaticComplexity="1" minCyclomaticComplexity="1" maxCrapScore="2" minCrapScore="2" visitedClasses="0" numClasses="0" visitedMethods="0" numMethods="1" />
              <MetadataToken>100663305</MetadataToken>
              <Name>System.Void UnitTestProject1.RecipeTests::RemoveIngredientTest()</Name>
              <FileRef uid="3" />
              <SequencePoints>
                <SequencePoint vc="0" uspid="39" ordinal="0" offset="0" sl="19" sc="9" el="19" ec="10" bec="0" bev="0" fileid="3" />
                <SequencePoint vc="0" uspid="40" ordinal="1" offset="1" sl="20" sc="13" el="20" ec="82" bec="0" bev="0" fileid="3" />
                <SequencePoint vc="0" uspid="41" ordinal="2" offset="31" sl="21" sc="13" el="21" ec="117" bec="0" bev="0" fileid="3" />
                <SequencePoint vc="0" uspid="42" ordinal="3" offset="76" sl="22" sc="13" el="22" ec="54" bec="0" bev="0" fileid="3" />
                <SequencePoint vc="0" uspid="43" ordinal="4" offset="84" sl="23" sc="13" el="23" ec="66" bec="0" bev="0" fileid="3" />
                <SequencePoint vc="0" uspid="44" ordinal="5" offset="101" sl="25" sc="9" el="25" ec="10" bec="0" bev="0" fileid="3" />
              </SequencePoints>
              <BranchPoints />
              <MethodPoint xsi:type="SequencePoint" vc="0" uspid="39" ordinal="0" offset="0" sl="19" sc="9" el="19" ec="10" bec="0" bev="0" fileid="3" />
            </Method>
            <Method visited="false" cyclomaticComplexity="1" nPathComplexity="0" sequenceCoverage="0" branchCoverage="0" crapScore="2" isConstructor="true" isStatic="false" isGetter="false" isSetter="false">
              <Summary numSequencePoints="0" visitedSequencePoints="0" numBranchPoints="0" visitedBranchPoints="0" sequenceCoverage="0" branchCoverage="0" maxCyclomaticComplexity="1" minCyclomaticComplexity="1" maxCrapScore="2" minCrapScore="2" visitedClasses="0" numClasses="0" visitedMethods="0" numMethods="0" />
              <MetadataToken>100663306</MetadataToken>
              <Name>System.Void UnitTestProject1.RecipeTests::.ctor()</Name>
              <SequencePoints />
              <BranchPoints />
              <MethodPoint vc="0" uspid="45" ordinal="0" offset="0" />
            </Method>
          </Methods>
        </Class>
      </Classes>
      <TrackedMethods>
        <TrackedMethod uid="1" token="100663297" name="System.Void UnitTestProject1.ProgramTests::Addtest()" strategy="MSTestTest" />
        <TrackedMethod uid="2" token="100663298" name="System.Void UnitTestProject1.ProgramTests::Filestreamtest()" strategy="MSTestTest" />
        <TrackedMethod uid="3" token="100663300" name="System.Void UnitTestProject1.RecipeBookTests::AddTest()" strategy="MSTestTest" />
        <TrackedMethod uid="4" token="100663301" name="System.Void UnitTestProject1.RecipeBookTests::SaveTest()" strategy="MSTestTest" />
        <TrackedMethod uid="5" token="100663302" name="System.Void UnitTestProject1.RecipeBookTests::LoadTest()" strategy="MSTestTest" />
        <TrackedMethod uid="6" token="100663304" name="System.Void UnitTestProject1.RecipeTests::AddIngredientTest()" strategy="MSTestTest" />
        <TrackedMethod uid="7" token="100663305" name="System.Void UnitTestProject1.RecipeTests::RemoveIngredientTest()" strategy="MSTestTest" />
      </TrackedMethods>
    </Module>
  </Modules>
</CoverageSession>