<?xml version="1.0" encoding="utf-8"?>
<CoverageSession xmlns:xsi="http://www.w3.org/2001/XMLSchema-instance" xmlns:xsd="http://www.w3.org/2001/XMLSchema" Version="4.6.0.0">
  <Summary numSequencePoints="341" visitedSequencePoints="159" numBranchPoints="113" visitedBranchPoints="36" sequenceCoverage="46.63" branchCoverage="31.86" maxCyclomaticComplexity="19" minCyclomaticComplexity="1" maxCrapScore="380" minCrapScore="1" visitedClasses="6" numClasses="7" visitedMethods="18" numMethods="32" />
  <Modules>
    <Module hash="19-71-70-65-69-E7-FC-52-C2-AD-07-89-E9-CA-AD-9A-F0-80-6C-47">
      <Summary numSequencePoints="31" visitedSequencePoints="31" numBranchPoints="6" visitedBranchPoints="6" sequenceCoverage="100" branchCoverage="100" maxCyclomaticComplexity="2" minCyclomaticComplexity="1" maxCrapScore="2" minCrapScore="1" visitedClasses="3" numClasses="3" visitedMethods="6" numMethods="6" />
      <ModulePath>C:\Git\96522321\myFirstProject\Assignment6\Assignment5\Assignment5\UnitTestProject1\bin\Debug\UnitTestProject1.dll</ModulePath>
      <ModuleTime>2018-04-28T21:24:40.0436477Z</ModuleTime>
      <ModuleName>UnitTestProject1</ModuleName>
      <Files>
        <File uid="1" fullPath="C:\Git\96522321\myFirstProject\Assignment6\Assignment5\Assignment5\UnitTestProject1\ProgramTests.cs" />
        <File uid="2" fullPath="C:\Git\96522321\myFirstProject\Assignment6\Assignment5\Assignment5\UnitTestProject1\RecipeBookTests.cs" />
        <File uid="3" fullPath="C:\Git\96522321\myFirstProject\Assignment6\Assignment5\Assignment5\UnitTestProject1\RecipeTests.cs" />
      </Files>
      <Classes>
        <Class>
          <Summary numSequencePoints="5" visitedSequencePoints="5" numBranchPoints="1" visitedBranchPoints="1" sequenceCoverage="100" branchCoverage="100" maxCyclomaticComplexity="1" minCyclomaticComplexity="1" maxCrapScore="2" minCrapScore="1" visitedClasses="1" numClasses="1" visitedMethods="1" numMethods="1" />
          <FullName>UnitTestProject1.ProgramTests</FullName>
          <Methods>
            <Method visited="true" cyclomaticComplexity="1" nPathComplexity="0" sequenceCoverage="100" branchCoverage="100" crapScore="1" isConstructor="false" isStatic="false" isGetter="false" isSetter="false">
              <Summary numSequencePoints="5" visitedSequencePoints="5" numBranchPoints="1" visitedBranchPoints="1" sequenceCoverage="100" branchCoverage="100" maxCyclomaticComplexity="1" minCyclomaticComplexity="1" maxCrapScore="1" minCrapScore="1" visitedClasses="0" numClasses="0" visitedMethods="1" numMethods="1" />
              <MetadataToken>100663297</MetadataToken>
              <Name>System.Void UnitTestProject1.ProgramTests::Addtest()</Name>
              <FileRef uid="1" />
              <SequencePoints>
                <SequencePoint vc="1" uspid="1" ordinal="0" offset="0" sl="12" sc="9" el="12" ec="10" bec="0" bev="0" fileid="1">
                  <TrackedMethodRefs>
                    <TrackedMethodRef uid="1" vc="1" />
                  </TrackedMethodRefs>
                </SequencePoint>
                <SequencePoint vc="1" uspid="2" ordinal="1" offset="1" sl="13" sc="13" el="13" ec="74" bec="0" bev="0" fileid="1">
                  <TrackedMethodRefs>
                    <TrackedMethodRef uid="1" vc="1" />
                  </TrackedMethodRefs>
                </SequencePoint>
                <SequencePoint vc="1" uspid="3" ordinal="2" offset="13" sl="14" sc="13" el="14" ec="111" bec="0" bev="0" fileid="1">
                  <TrackedMethodRefs>
                    <TrackedMethodRef uid="1" vc="1" />
                  </TrackedMethodRefs>
                </SequencePoint>
                <SequencePoint vc="1" uspid="4" ordinal="3" offset="58" sl="15" sc="13" el="15" ec="47" bec="0" bev="0" fileid="1">
                  <TrackedMethodRefs>
                    <TrackedMethodRef uid="1" vc="1" />
                  </TrackedMethodRefs>
                </SequencePoint>
                <SequencePoint vc="1" uspid="5" ordinal="4" offset="71" sl="17" sc="9" el="17" ec="10" bec="0" bev="0" fileid="1">
                  <TrackedMethodRefs>
                    <TrackedMethodRef uid="1" vc="1" />
                  </TrackedMethodRefs>
                </SequencePoint>
              </SequencePoints>
              <BranchPoints />
              <MethodPoint xsi:type="SequencePoint" vc="1" uspid="1" ordinal="0" offset="0" sl="12" sc="9" el="12" ec="10" bec="0" bev="0" fileid="1">
                <TrackedMethodRefs>
                  <TrackedMethodRef uid="1" vc="1" />
                </TrackedMethodRefs>
              </MethodPoint>
            </Method>
            <Method visited="false" cyclomaticComplexity="1" nPathComplexity="0" sequenceCoverage="0" branchCoverage="0" crapScore="2" isConstructor="true" isStatic="false" isGetter="false" isSetter="false">
              <Summary numSequencePoints="0" visitedSequencePoints="0" numBranchPoints="0" visitedBranchPoints="0" sequenceCoverage="0" branchCoverage="0" maxCyclomaticComplexity="1" minCyclomaticComplexity="1" maxCrapScore="2" minCrapScore="2" visitedClasses="0" numClasses="0" visitedMethods="0" numMethods="0" />
              <MetadataToken>100663298</MetadataToken>
              <Name>System.Void UnitTestProject1.ProgramTests::.ctor()</Name>
              <SequencePoints />
              <BranchPoints />
              <MethodPoint vc="0" uspid="6" ordinal="0" offset="0" />
            </Method>
          </Methods>
        </Class>
        <Class>
          <Summary numSequencePoints="21" visitedSequencePoints="21" numBranchPoints="4" visitedBranchPoints="4" sequenceCoverage="100" branchCoverage="100" maxCyclomaticComplexity="2" minCyclomaticComplexity="1" maxCrapScore="2" minCrapScore="1" visitedClasses="1" numClasses="1" visitedMethods="4" numMethods="4" />
          <FullName>UnitTestProject1.RecipeBookTests</FullName>
          <Methods>
            <Method visited="true" cyclomaticComplexity="1" nPathComplexity="0" sequenceCoverage="100" branchCoverage="100" crapScore="1" isConstructor="false" isStatic="false" isGetter="false" isSetter="false">
              <Summary numSequencePoints="3" visitedSequencePoints="3" numBranchPoints="1" visitedBranchPoints="1" sequenceCoverage="100" branchCoverage="100" maxCyclomaticComplexity="1" minCyclomaticComplexity="1" maxCrapScore="1" minCrapScore="1" visitedClasses="0" numClasses="0" visitedMethods="1" numMethods="1" />
              <MetadataToken>100663299</MetadataToken>
              <Name>System.Void UnitTestProject1.RecipeBookTests::AddTest()</Name>
              <FileRef uid="2" />
              <SequencePoints>
                <SequencePoint vc="1" uspid="7" ordinal="0" offset="0" sl="17" sc="13" el="17" ec="14" bec="0" bev="0" fileid="2">
                  <TrackedMethodRefs>
                    <TrackedMethodRef uid="2" vc="1" />
                  </TrackedMethodRefs>
                </SequencePoint>
                <SequencePoint vc="1" uspid="8" ordinal="1" offset="1" sl="18" sc="17" el="18" ec="63" bec="0" bev="0" fileid="2">
                  <TrackedMethodRefs>
                    <TrackedMethodRef uid="2" vc="1" />
                  </TrackedMethodRefs>
                </SequencePoint>
                <SequencePoint vc="1" uspid="9" ordinal="2" offset="24" sl="19" sc="13" el="19" ec="14" bec="0" bev="0" fileid="2">
                  <TrackedMethodRefs>
                    <TrackedMethodRef uid="2" vc="1" />
                  </TrackedMethodRefs>
                </SequencePoint>
              </SequencePoints>
              <BranchPoints />
              <MethodPoint xsi:type="SequencePoint" vc="1" uspid="7" ordinal="0" offset="0" sl="17" sc="13" el="17" ec="14" bec="0" bev="0" fileid="2">
                <TrackedMethodRefs>
                  <TrackedMethodRef uid="2" vc="1" />
                </TrackedMethodRefs>
              </MethodPoint>
            </Method>
            <Method visited="true" cyclomaticComplexity="2" nPathComplexity="0" sequenceCoverage="100" branchCoverage="100" crapScore="2" isConstructor="false" isStatic="false" isGetter="false" isSetter="false">
              <Summary numSequencePoints="9" visitedSequencePoints="9" numBranchPoints="1" visitedBranchPoints="1" sequenceCoverage="100" branchCoverage="100" maxCyclomaticComplexity="2" minCyclomaticComplexity="2" maxCrapScore="2" minCrapScore="2" visitedClasses="0" numClasses="0" visitedMethods="1" numMethods="1" />
              <MetadataToken>100663300</MetadataToken>
              <Name>System.Void UnitTestProject1.RecipeBookTests::SaveTest()</Name>
              <FileRef uid="2" />
              <SequencePoints>
                <SequencePoint vc="1" uspid="10" ordinal="0" offset="0" sl="23" sc="9" el="23" ec="10" bec="0" bev="0" fileid="2">
                  <TrackedMethodRefs>
                    <TrackedMethodRef uid="3" vc="1" />
                  </TrackedMethodRefs>
                </SequencePoint>
                <SequencePoint vc="1" uspid="11" ordinal="1" offset="1" sl="24" sc="13" el="24" ec="44" bec="0" bev="0" fileid="2">
                  <TrackedMethodRefs>
                    <TrackedMethodRef uid="3" vc="1" />
                  </TrackedMethodRefs>
                </SequencePoint>
                <SequencePoint vc="1" uspid="12" ordinal="2" offset="19" sl="25" sc="13" el="25" ec="54" bec="0" bev="0" fileid="2">
                  <TrackedMethodRefs>
                    <TrackedMethodRef uid="3" vc="1" />
                  </TrackedMethodRefs>
                </SequencePoint>
                <SequencePoint vc="1" uspid="13" ordinal="3" offset="37" sl="26" sc="13" el="26" ec="48" bec="0" bev="0" fileid="2">
                  <TrackedMethodRefs>
                    <TrackedMethodRef uid="3" vc="1" />
                  </TrackedMethodRefs>
                </SequencePoint>
                <SequencePoint vc="1" uspid="14" ordinal="4" offset="54" sl="27" sc="20" el="27" ec="94" bec="0" bev="0" fileid="2">
                  <TrackedMethodRefs>
                    <TrackedMethodRef uid="3" vc="1" />
                  </TrackedMethodRefs>
                </SequencePoint>
                <SequencePoint vc="1" uspid="15" ordinal="5" offset="65" sl="28" sc="13" el="28" ec="14" bec="0" bev="0" fileid="2">
                  <TrackedMethodRefs>
                    <TrackedMethodRef uid="3" vc="1" />
                  </TrackedMethodRefs>
                </SequencePoint>
                <SequencePoint vc="1" uspid="16" ordinal="6" offset="66" sl="29" sc="17" el="29" ec="63" bec="0" bev="0" fileid="2">
                  <TrackedMethodRefs>
                    <TrackedMethodRef uid="3" vc="1" />
                  </TrackedMethodRefs>
                </SequencePoint>
                <SequencePoint vc="1" uspid="17" ordinal="7" offset="78" sl="30" sc="13" el="30" ec="14" bec="0" bev="0" fileid="2">
                  <TrackedMethodRefs>
                    <TrackedMethodRef uid="3" vc="1" />
                  </TrackedMethodRefs>
                </SequencePoint>
                <SequencePoint vc="1" uspid="18" ordinal="8" offset="92" sl="31" sc="9" el="31" ec="10" bec="0" bev="0" fileid="2">
                  <TrackedMethodRefs>
                    <TrackedMethodRef uid="3" vc="1" />
                  </TrackedMethodRefs>
                </SequencePoint>
              </SequencePoints>
              <BranchPoints />
              <MethodPoint xsi:type="SequencePoint" vc="1" uspid="10" ordinal="0" offset="0" sl="23" sc="9" el="23" ec="10" bec="0" bev="0" fileid="2">
                <TrackedMethodRefs>
                  <TrackedMethodRef uid="3" vc="1" />
                </TrackedMethodRefs>
              </MethodPoint>
            </Method>
            <Method visited="true" cyclomaticComplexity="1" nPathComplexity="0" sequenceCoverage="100" branchCoverage="100" crapScore="1" isConstructor="false" isStatic="false" isGetter="false" isSetter="false">
              <Summary numSequencePoints="6" visitedSequencePoints="6" numBranchPoints="1" visitedBranchPoints="1" sequenceCoverage="100" branchCoverage="100" maxCyclomaticComplexity="1" minCyclomaticComplexity="1" maxCrapScore="1" minCrapScore="1" visitedClasses="0" numClasses="0" visitedMethods="1" numMethods="1" />
              <MetadataToken>100663301</MetadataToken>
              <Name>System.Void UnitTestProject1.RecipeBookTests::LoadTest()</Name>
              <FileRef uid="2" />
              <SequencePoints>
                <SequencePoint vc="1" uspid="19" ordinal="0" offset="0" sl="35" sc="9" el="35" ec="10" bec="0" bev="0" fileid="2">
                  <TrackedMethodRefs>
                    <TrackedMethodRef uid="4" vc="1" />
                  </TrackedMethodRefs>
                </SequencePoint>
                <SequencePoint vc="1" uspid="20" ordinal="1" offset="1" sl="36" sc="13" el="36" ec="54" bec="0" bev="0" fileid="2">
                  <TrackedMethodRefs>
                    <TrackedMethodRef uid="4" vc="1" />
                  </TrackedMethodRefs>
                </SequencePoint>
                <SequencePoint vc="1" uspid="21" ordinal="2" offset="19" sl="37" sc="13" el="37" ec="44" bec="0" bev="0" fileid="2">
                  <TrackedMethodRefs>
                    <TrackedMethodRef uid="4" vc="1" />
                  </TrackedMethodRefs>
                </SequencePoint>
                <SequencePoint vc="1" uspid="22" ordinal="3" offset="37" sl="38" sc="13" el="38" ec="48" bec="0" bev="0" fileid="2">
                  <TrackedMethodRefs>
                    <TrackedMethodRef uid="4" vc="1" />
                  </TrackedMethodRefs>
                </SequencePoint>
                <SequencePoint vc="1" uspid="23" ordinal="4" offset="54" sl="39" sc="13" el="39" ec="63" bec="0" bev="0" fileid="2">
                  <TrackedMethodRefs>
                    <TrackedMethodRef uid="4" vc="1" />
                  </TrackedMethodRefs>
                </SequencePoint>
                <SequencePoint vc="1" uspid="24" ordinal="5" offset="76" sl="40" sc="9" el="40" ec="10" bec="0" bev="0" fileid="2">
                  <TrackedMethodRefs>
                    <TrackedMethodRef uid="4" vc="1" />
                  </TrackedMethodRefs>
                </SequencePoint>
              </SequencePoints>
              <BranchPoints />
              <MethodPoint xsi:type="SequencePoint" vc="1" uspid="19" ordinal="0" offset="0" sl="35" sc="9" el="35" ec="10" bec="0" bev="0" fileid="2">
                <TrackedMethodRefs>
                  <TrackedMethodRef uid="4" vc="1" />
                </TrackedMethodRefs>
              </MethodPoint>
            </Method>
            <Method visited="true" cyclomaticComplexity="1" nPathComplexity="0" sequenceCoverage="100" branchCoverage="100" crapScore="1" isConstructor="true" isStatic="false" isGetter="false" isSetter="false">
              <Summary numSequencePoints="3" visitedSequencePoints="3" numBranchPoints="1" visitedBranchPoints="1" sequenceCoverage="100" branchCoverage="100" maxCyclomaticComplexity="1" minCyclomaticComplexity="1" maxCrapScore="1" minCrapScore="1" visitedClasses="0" numClasses="0" visitedMethods="1" numMethods="1" />
              <MetadataToken>100663302</MetadataToken>
              <Name>System.Void UnitTestProject1.RecipeBookTests::.ctor()</Name>
              <FileRef uid="2" />
              <SequencePoints>
                <SequencePoint vc="3" uspid="25" ordinal="0" offset="0" sl="11" sc="13" el="11" ec="74" bec="0" bev="0" fileid="2" />
                <SequencePoint vc="3" uspid="26" ordinal="1" offset="17" sl="12" sc="13" el="12" ec="82" bec="0" bev="0" fileid="2" />
                <SequencePoint vc="3" uspid="27" ordinal="2" offset="52" sl="13" sc="13" el="13" ec="111" bec="0" bev="0" fileid="2" />
              </SequencePoints>
              <BranchPoints />
              <MethodPoint xsi:type="SequencePoint" vc="3" uspid="25" ordinal="0" offset="0" sl="11" sc="13" el="11" ec="74" bec="0" bev="0" fileid="2" />
            </Method>
          </Methods>
        </Class>
        <Class>
          <Summary numSequencePoints="5" visitedSequencePoints="5" numBranchPoints="1" visitedBranchPoints="1" sequenceCoverage="100" branchCoverage="100" maxCyclomaticComplexity="1" minCyclomaticComplexity="1" maxCrapScore="2" minCrapScore="1" visitedClasses="1" numClasses="1" visitedMethods="1" numMethods="1" />
          <FullName>UnitTestProject1.RecipeTests</FullName>
          <Methods>
            <Method visited="true" cyclomaticComplexity="1" nPathComplexity="0" sequenceCoverage="100" branchCoverage="100" crapScore="1" isConstructor="false" isStatic="false" isGetter="false" isSetter="false">
              <Summary numSequencePoints="5" visitedSequencePoints="5" numBranchPoints="1" visitedBranchPoints="1" sequenceCoverage="100" branchCoverage="100" maxCyclomaticComplexity="1" minCyclomaticComplexity="1" maxCrapScore="1" minCrapScore="1" visitedClasses="0" numClasses="0" visitedMethods="1" numMethods="1" />
              <MetadataToken>100663303</MetadataToken>
              <Name>System.Void UnitTestProject1.RecipeTests::AddIngredientTest()</Name>
              <FileRef uid="3" />
              <SequencePoints>
                <SequencePoint vc="1" uspid="28" ordinal="0" offset="0" sl="12" sc="9" el="12" ec="10" bec="0" bev="0" fileid="3">
                  <TrackedMethodRefs>
                    <TrackedMethodRef uid="5" vc="1" />
                  </TrackedMethodRefs>
                </SequencePoint>
                <SequencePoint vc="1" uspid="29" ordinal="1" offset="1" sl="13" sc="13" el="13" ec="82" bec="0" bev="0" fileid="3">
                  <TrackedMethodRefs>
                    <TrackedMethodRef uid="5" vc="1" />
                  </TrackedMethodRefs>
                </SequencePoint>
                <SequencePoint vc="1" uspid="30" ordinal="2" offset="31" sl="14" sc="13" el="14" ec="117" bec="0" bev="0" fileid="3">
                  <TrackedMethodRefs>
                    <TrackedMethodRef uid="5" vc="1" />
                  </TrackedMethodRefs>
                </SequencePoint>
                <SequencePoint vc="1" uspid="31" ordinal="3" offset="76" sl="15" sc="13" el="15" ec="69" bec="0" bev="0" fileid="3">
                  <TrackedMethodRefs>
                    <TrackedMethodRef uid="5" vc="1" />
                  </TrackedMethodRefs>
                </SequencePoint>
                <SequencePoint vc="1" uspid="32" ordinal="4" offset="89" sl="16" sc="9" el="16" ec="10" bec="0" bev="0" fileid="3">
                  <TrackedMethodRefs>
                    <TrackedMethodRef uid="5" vc="1" />
                  </TrackedMethodRefs>
                </SequencePoint>
              </SequencePoints>
              <BranchPoints />
              <MethodPoint xsi:type="SequencePoint" vc="1" uspid="28" ordinal="0" offset="0" sl="12" sc="9" el="12" ec="10" bec="0" bev="0" fileid="3">
                <TrackedMethodRefs>
                  <TrackedMethodRef uid="5" vc="1" />
                </TrackedMethodRefs>
              </MethodPoint>
            </Method>
            <Method visited="false" cyclomaticComplexity="1" nPathComplexity="0" sequenceCoverage="0" branchCoverage="0" crapScore="2" isConstructor="true" isStatic="false" isGetter="false" isSetter="false">
              <Summary numSequencePoints="0" visitedSequencePoints="0" numBranchPoints="0" visitedBranchPoints="0" sequenceCoverage="0" branchCoverage="0" maxCyclomaticComplexity="1" minCyclomaticComplexity="1" maxCrapScore="2" minCrapScore="2" visitedClasses="0" numClasses="0" visitedMethods="0" numMethods="0" />
              <MetadataToken>100663304</MetadataToken>
              <Name>System.Void UnitTestProject1.RecipeTests::.ctor()</Name>
              <SequencePoints />
              <BranchPoints />
              <MethodPoint vc="0" uspid="33" ordinal="0" offset="0" />
            </Method>
          </Methods>
        </Class>
      </Classes>
      <TrackedMethods>
        <TrackedMethod uid="1" token="100663297" name="System.Void UnitTestProject1.ProgramTests::Addtest()" strategy="MSTestTest" />
        <TrackedMethod uid="2" token="100663299" name="System.Void UnitTestProject1.RecipeBookTests::AddTest()" strategy="MSTestTest" />
        <TrackedMethod uid="3" token="100663300" name="System.Void UnitTestProject1.RecipeBookTests::SaveTest()" strategy="MSTestTest" />
        <TrackedMethod uid="4" token="100663301" name="System.Void UnitTestProject1.RecipeBookTests::LoadTest()" strategy="MSTestTest" />
        <TrackedMethod uid="5" token="100663303" name="System.Void UnitTestProject1.RecipeTests::AddIngredientTest()" strategy="MSTestTest" />
      </TrackedMethods>
    </Module>
    <Module hash="B3-C6-37-CD-51-C2-C8-62-C7-C6-B3-D6-E2-DF-F4-EE-50-94-A0-46">
      <Summary numSequencePoints="310" visitedSequencePoints="128" numBranchPoints="107" visitedBranchPoints="30" sequenceCoverage="41.29" branchCoverage="28.04" maxCyclomaticComplexity="19" minCyclomaticComplexity="1" maxCrapScore="380" minCrapScore="1" visitedClasses="3" numClasses="4" visitedMethods="12" numMethods="26" />
      <ModulePath>C:\Git\96522321\myFirstProject\Assignment6\Assignment5\Assignment5\UnitTestProject1\bin\Debug\Assignment5.exe</ModulePath>
      <ModuleTime>2018-04-28T21:24:39.6376244Z</ModuleTime>
      <ModuleName>Assignment5</ModuleName>
      <Files>
        <File uid="7" fullPath="C:\Git\96522321\myFirstProject\Assignment6\Assignment5\Assignment5\Assignment5\Ingredient.cs" />
        <File uid="8" fullPath="C:\Git\96522321\myFirstProject\Assignment6\Assignment5\Assignment5\Assignment5\Program.cs" />
        <File uid="9" fullPath="C:\Git\96522321\myFirstProject\Assignment6\Assignment5\Assignment5\Assignment5\Recipe.cs" />
        <File uid="10" fullPath="C:\Git\96522321\myFirstProject\Assignment6\Assignment5\Assignment5\Assignment5\RecipeBook.cs" />
      </Files>
      <Classes>
        <Class>
          <Summary numSequencePoints="23" visitedSequencePoints="20" numBranchPoints="4" visitedBranchPoints="3" sequenceCoverage="86.96" branchCoverage="75" maxCyclomaticComplexity="1" minCyclomaticComplexity="1" maxCrapScore="2" minCrapScore="1" visitedClasses="1" numClasses="1" visitedMethods="3" numMethods="4" />
          <FullName>Assignment5.Ingredient</FullName>
          <Methods>
            <Method skippedDueTo="AutoImplementedProperty" visited="false" cyclomaticComplexity="1" nPathComplexity="0" sequenceCoverage="0" branchCoverage="0" crapScore="0" isConstructor="false" isStatic="false" isGetter="true" isSetter="false">
              <MetadataToken>100663300</MetadataToken>
              <Name>System.String Assignment5.Ingredient::get_Name()</Name>
              <FileRef uid="7" />
              <SequencePoints />
              <BranchPoints />
            </Method>
            <Method skippedDueTo="AutoImplementedProperty" visited="false" cyclomaticComplexity="1" nPathComplexity="0" sequenceCoverage="0" branchCoverage="0" crapScore="0" isConstructor="false" isStatic="false" isGetter="false" isSetter="true">
              <MetadataToken>100663301</MetadataToken>
              <Name>System.Void Assignment5.Ingredient::set_Name(System.String)</Name>
              <FileRef uid="7" />
              <SequencePoints />
              <BranchPoints />
            </Method>
            <Method skippedDueTo="AutoImplementedProperty" visited="false" cyclomaticComplexity="1" nPathComplexity="0" sequenceCoverage="0" branchCoverage="0" crapScore="0" isConstructor="false" isStatic="false" isGetter="true" isSetter="false">
              <MetadataToken>100663302</MetadataToken>
              <Name>System.String Assignment5.Ingredient::get_Description()</Name>
              <FileRef uid="7" />
              <SequencePoints />
              <BranchPoints />
            </Method>
            <Method skippedDueTo="AutoImplementedProperty" visited="false" cyclomaticComplexity="1" nPathComplexity="0" sequenceCoverage="0" branchCoverage="0" crapScore="0" isConstructor="false" isStatic="false" isGetter="false" isSetter="true">
              <MetadataToken>100663303</MetadataToken>
              <Name>System.Void Assignment5.Ingredient::set_Description(System.String)</Name>
              <FileRef uid="7" />
              <SequencePoints />
              <BranchPoints />
            </Method>
            <Method skippedDueTo="AutoImplementedProperty" visited="false" cyclomaticComplexity="1" nPathComplexity="0" sequenceCoverage="0" branchCoverage="0" crapScore="0" isConstructor="false" isStatic="false" isGetter="true" isSetter="false">
              <MetadataToken>100663304</MetadataToken>
              <Name>System.Double Assignment5.Ingredient::get_Quantity()</Name>
              <FileRef uid="7" />
              <SequencePoints />
              <BranchPoints />
            </Method>
            <Method skippedDueTo="AutoImplementedProperty" visited="false" cyclomaticComplexity="1" nPathComplexity="0" sequenceCoverage="0" branchCoverage="0" crapScore="0" isConstructor="false" isStatic="false" isGetter="false" isSetter="true">
              <MetadataToken>100663305</MetadataToken>
              <Name>System.Void Assignment5.Ingredient::set_Quantity(System.Double)</Name>
              <FileRef uid="7" />
              <SequencePoints />
              <BranchPoints />
            </Method>
            <Method skippedDueTo="AutoImplementedProperty" visited="false" cyclomaticComplexity="1" nPathComplexity="0" sequenceCoverage="0" branchCoverage="0" crapScore="0" isConstructor="false" isStatic="false" isGetter="true" isSetter="false">
              <MetadataToken>100663306</MetadataToken>
              <Name>System.String Assignment5.Ingredient::get_Unit()</Name>
              <FileRef uid="7" />
              <SequencePoints />
              <BranchPoints />
            </Method>
            <Method skippedDueTo="AutoImplementedProperty" visited="false" cyclomaticComplexity="1" nPathComplexity="0" sequenceCoverage="0" branchCoverage="0" crapScore="0" isConstructor="false" isStatic="false" isGetter="false" isSetter="true">
              <MetadataToken>100663307</MetadataToken>
              <Name>System.Void Assignment5.Ingredient::set_Unit(System.String)</Name>
              <FileRef uid="7" />
              <SequencePoints />
              <BranchPoints />
            </Method>
            <Method visited="true" cyclomaticComplexity="1" nPathComplexity="0" sequenceCoverage="100" branchCoverage="100" crapScore="1" isConstructor="true" isStatic="false" isGetter="false" isSetter="false">
              <Summary numSequencePoints="7" visitedSequencePoints="7" numBranchPoints="1" visitedBranchPoints="1" sequenceCoverage="100" branchCoverage="100" maxCyclomaticComplexity="1" minCyclomaticComplexity="1" maxCrapScore="1" minCrapScore="1" visitedClasses="0" numClasses="0" visitedMethods="1" numMethods="1" />
              <MetadataToken>100663297</MetadataToken>
              <Name>System.Void Assignment5.Ingredient::.ctor(System.String,System.String,System.Double,System.String)</Name>
              <FileRef uid="7" />
              <SequencePoints>
                <SequencePoint vc="6" uspid="34" ordinal="0" offset="0" sl="21" sc="9" el="21" ec="89" bec="0" bev="0" fileid="7">
                  <TrackedMethodRefs>
                    <TrackedMethodRef uid="4" vc="1" />
                    <TrackedMethodRef uid="3" vc="1" />
                    <TrackedMethodRef uid="5" vc="1" />
                  </TrackedMethodRefs>
                </SequencePoint>
                <SequencePoint vc="6" uspid="35" ordinal="1" offset="7" sl="22" sc="9" el="22" ec="10" bec="0" bev="0" fileid="7">
                  <TrackedMethodRefs>
                    <TrackedMethodRef uid="4" vc="1" />
                    <TrackedMethodRef uid="3" vc="1" />
                    <TrackedMethodRef uid="5" vc="1" />
                  </TrackedMethodRefs>
                </SequencePoint>
                <SequencePoint vc="6" uspid="36" ordinal="2" offset="8" sl="24" sc="13" el="24" ec="25" bec="0" bev="0" fileid="7">
                  <TrackedMethodRefs>
                    <TrackedMethodRef uid="4" vc="1" />
                    <TrackedMethodRef uid="3" vc="1" />
                    <TrackedMethodRef uid="5" vc="1" />
                  </TrackedMethodRefs>
                </SequencePoint>
                <SequencePoint vc="6" uspid="37" ordinal="3" offset="16" sl="25" sc="13" el="25" ec="39" bec="0" bev="0" fileid="7">
                  <TrackedMethodRefs>
                    <TrackedMethodRef uid="4" vc="1" />
                    <TrackedMethodRef uid="3" vc="1" />
                    <TrackedMethodRef uid="5" vc="1" />
                  </TrackedMethodRefs>
                </SequencePoint>
                <SequencePoint vc="6" uspid="38" ordinal="4" offset="24" sl="26" sc="13" el="26" ec="33" bec="0" bev="0" fileid="7">
                  <TrackedMethodRefs>
                    <TrackedMethodRef uid="4" vc="1" />
                    <TrackedMethodRef uid="3" vc="1" />
                    <TrackedMethodRef uid="5" vc="1" />
                  </TrackedMethodRefs>
                </SequencePoint>
                <SequencePoint vc="6" uspid="39" ordinal="5" offset="32" sl="27" sc="13" el="27" ec="25" bec="0" bev="0" fileid="7">
                  <TrackedMethodRefs>
                    <TrackedMethodRef uid="4" vc="1" />
                    <TrackedMethodRef uid="3" vc="1" />
                    <TrackedMethodRef uid="5" vc="1" />
                  </TrackedMethodRefs>
                </SequencePoint>
                <SequencePoint vc="6" uspid="40" ordinal="6" offset="41" sl="28" sc="9" el="28" ec="10" bec="0" bev="0" fileid="7">
                  <TrackedMethodRefs>
                    <TrackedMethodRef uid="4" vc="1" />
                    <TrackedMethodRef uid="3" vc="1" />
                    <TrackedMethodRef uid="5" vc="1" />
                  </TrackedMethodRefs>
                </SequencePoint>
              </SequencePoints>
              <BranchPoints />
              <MethodPoint xsi:type="SequencePoint" vc="6" uspid="34" ordinal="0" offset="0" sl="21" sc="9" el="21" ec="89" bec="0" bev="0" fileid="7">
                <TrackedMethodRefs>
                  <TrackedMethodRef uid="4" vc="1" />
                  <TrackedMethodRef uid="3" vc="1" />
                  <TrackedMethodRef uid="5" vc="1" />
                </TrackedMethodRefs>
              </MethodPoint>
            </Method>
            <Method visited="true" cyclomaticComplexity="1" nPathComplexity="0" sequenceCoverage="100" branchCoverage="100" crapScore="1" isConstructor="false" isStatic="false" isGetter="false" isSetter="false">
              <Summary numSequencePoints="6" visitedSequencePoints="6" numBranchPoints="1" visitedBranchPoints="1" sequenceCoverage="100" branchCoverage="100" maxCyclomaticComplexity="1" minCyclomaticComplexity="1" maxCrapScore="1" minCrapScore="1" visitedClasses="0" numClasses="0" visitedMethods="1" numMethods="1" />
              <MetadataToken>100663298</MetadataToken>
              <Name>System.Void Assignment5.Ingredient::Serialize(System.IO.StreamWriter)</Name>
              <FileRef uid="7" />
              <SequencePoints>
                <SequencePoint vc="2" uspid="41" ordinal="0" offset="0" sl="35" sc="9" el="35" ec="10" bec="0" bev="0" fileid="7">
                  <TrackedMethodRefs>
                    <TrackedMethodRef uid="4" vc="1" />
                    <TrackedMethodRef uid="3" vc="1" />
                  </TrackedMethodRefs>
                </SequencePoint>
                <SequencePoint vc="2" uspid="42" ordinal="1" offset="1" sl="37" sc="13" el="37" ec="41" bec="0" bev="0" fileid="7">
                  <TrackedMethodRefs>
                    <TrackedMethodRef uid="4" vc="1" />
                    <TrackedMethodRef uid="3" vc="1" />
                  </TrackedMethodRefs>
                </SequencePoint>
                <SequencePoint vc="2" uspid="43" ordinal="2" offset="14" sl="38" sc="13" el="38" ec="48" bec="0" bev="0" fileid="7">
                  <TrackedMethodRefs>
                    <TrackedMethodRef uid="4" vc="1" />
                    <TrackedMethodRef uid="3" vc="1" />
                  </TrackedMethodRefs>
                </SequencePoint>
                <SequencePoint vc="2" uspid="44" ordinal="3" offset="27" sl="39" sc="13" el="39" ec="45" bec="0" bev="0" fileid="7">
                  <TrackedMethodRefs>
                    <TrackedMethodRef uid="4" vc="1" />
                    <TrackedMethodRef uid="3" vc="1" />
                  </TrackedMethodRefs>
                </SequencePoint>
                <SequencePoint vc="2" uspid="45" ordinal="4" offset="40" sl="40" sc="13" el="40" ec="41" bec="0" bev="0" fileid="7">
                  <TrackedMethodRefs>
                    <TrackedMethodRef uid="4" vc="1" />
                    <TrackedMethodRef uid="3" vc="1" />
                  </TrackedMethodRefs>
                </SequencePoint>
                <SequencePoint vc="2" uspid="46" ordinal="5" offset="53" sl="41" sc="9" el="41" ec="10" bec="0" bev="0" fileid="7">
                  <TrackedMethodRefs>
                    <TrackedMethodRef uid="4" vc="1" />
                    <TrackedMethodRef uid="3" vc="1" />
                  </TrackedMethodRefs>
                </SequencePoint>
              </SequencePoints>
              <BranchPoints />
              <MethodPoint xsi:type="SequencePoint" vc="2" uspid="41" ordinal="0" offset="0" sl="35" sc="9" el="35" ec="10" bec="0" bev="0" fileid="7">
                <TrackedMethodRefs>
                  <TrackedMethodRef uid="4" vc="1" />
                  <TrackedMethodRef uid="3" vc="1" />
                </TrackedMethodRefs>
              </MethodPoint>
            </Method>
            <Method visited="true" cyclomaticComplexity="1" nPathComplexity="0" sequenceCoverage="100" branchCoverage="100" crapScore="1" isConstructor="false" isStatic="true" isGetter="false" isSetter="false">
              <Summary numSequencePoints="7" visitedSequencePoints="7" numBranchPoints="1" visitedBranchPoints="1" sequenceCoverage="100" branchCoverage="100" maxCyclomaticComplexity="1" minCyclomaticComplexity="1" maxCrapScore="1" minCrapScore="1" visitedClasses="0" numClasses="0" visitedMethods="1" numMethods="1" />
              <MetadataToken>100663299</MetadataToken>
              <Name>Assignment5.Ingredient Assignment5.Ingredient::Deserialize(System.IO.StreamReader)</Name>
              <FileRef uid="7" />
              <SequencePoints>
                <SequencePoint vc="2" uspid="47" ordinal="0" offset="0" sl="49" sc="9" el="49" ec="10" bec="0" bev="0" fileid="7">
                  <TrackedMethodRefs>
                    <TrackedMethodRef uid="4" vc="1" />
                    <TrackedMethodRef uid="3" vc="1" />
                  </TrackedMethodRefs>
                </SequencePoint>
                <SequencePoint vc="2" uspid="48" ordinal="1" offset="1" sl="51" sc="13" el="51" ec="45" bec="0" bev="0" fileid="7">
                  <TrackedMethodRefs>
                    <TrackedMethodRef uid="4" vc="1" />
                    <TrackedMethodRef uid="3" vc="1" />
                  </TrackedMethodRefs>
                </SequencePoint>
                <SequencePoint vc="2" uspid="49" ordinal="2" offset="8" sl="52" sc="13" el="52" ec="52" bec="0" bev="0" fileid="7">
                  <TrackedMethodRefs>
                    <TrackedMethodRef uid="4" vc="1" />
                    <TrackedMethodRef uid="3" vc="1" />
                  </TrackedMethodRefs>
                </SequencePoint>
                <SequencePoint vc="2" uspid="50" ordinal="3" offset="15" sl="53" sc="13" el="53" ec="63" bec="0" bev="0" fileid="7">
                  <TrackedMethodRefs>
                    <TrackedMethodRef uid="4" vc="1" />
                    <TrackedMethodRef uid="3" vc="1" />
                  </TrackedMethodRefs>
                </SequencePoint>
                <SequencePoint vc="2" uspid="51" ordinal="4" offset="27" sl="54" sc="13" el="54" ec="45" bec="0" bev="0" fileid="7">
                  <TrackedMethodRefs>
                    <TrackedMethodRef uid="4" vc="1" />
                    <TrackedMethodRef uid="3" vc="1" />
                  </TrackedMethodRefs>
                </SequencePoint>
                <SequencePoint vc="2" uspid="52" ordinal="5" offset="34" sl="55" sc="13" el="55" ec="70" bec="0" bev="0" fileid="7">
                  <TrackedMethodRefs>
                    <TrackedMethodRef uid="4" vc="1" />
                    <TrackedMethodRef uid="3" vc="1" />
                  </TrackedMethodRefs>
                </SequencePoint>
                <SequencePoint vc="2" uspid="53" ordinal="6" offset="47" sl="56" sc="9" el="56" ec="10" bec="0" bev="0" fileid="7">
                  <TrackedMethodRefs>
                    <TrackedMethodRef uid="4" vc="1" />
                    <TrackedMethodRef uid="3" vc="1" />
                  </TrackedMethodRefs>
                </SequencePoint>
              </SequencePoints>
              <BranchPoints />
              <MethodPoint xsi:type="SequencePoint" vc="2" uspid="47" ordinal="0" offset="0" sl="49" sc="9" el="49" ec="10" bec="0" bev="0" fileid="7">
                <TrackedMethodRefs>
                  <TrackedMethodRef uid="4" vc="1" />
                  <TrackedMethodRef uid="3" vc="1" />
                </TrackedMethodRefs>
              </MethodPoint>
            </Method>
            <Method visited="false" cyclomaticComplexity="1" nPathComplexity="0" sequenceCoverage="0" branchCoverage="0" crapScore="2" isConstructor="false" isStatic="false" isGetter="false" isSetter="false">
              <Summary numSequencePoints="3" visitedSequencePoints="0" numBranchPoints="1" visitedBranchPoints="0" sequenceCoverage="0" branchCoverage="0" maxCyclomaticComplexity="1" minCyclomaticComplexity="1" maxCrapScore="2" minCrapScore="2" visitedClasses="0" numClasses="0" visitedMethods="0" numMethods="1" />
              <MetadataToken>100663308</MetadataToken>
              <Name>System.String Assignment5.Ingredient::ToString()</Name>
              <FileRef uid="7" />
              <SequencePoints>
                <SequencePoint vc="0" uspid="54" ordinal="0" offset="0" sl="82" sc="9" el="82" ec="10" bec="0" bev="0" fileid="7" />
                <SequencePoint vc="0" uspid="55" ordinal="1" offset="1" sl="83" sc="13" el="83" ec="78" bec="0" bev="0" fileid="7" />
                <SequencePoint vc="0" uspid="56" ordinal="2" offset="78" sl="84" sc="9" el="84" ec="10" bec="0" bev="0" fileid="7" />
              </SequencePoints>
              <BranchPoints />
              <MethodPoint xsi:type="SequencePoint" vc="0" uspid="54" ordinal="0" offset="0" sl="82" sc="9" el="82" ec="10" bec="0" bev="0" fileid="7" />
            </Method>
          </Methods>
        </Class>
        <Class>
          <Summary numSequencePoints="105" visitedSequencePoints="0" numBranchPoints="37" visitedBranchPoints="0" sequenceCoverage="0" branchCoverage="0" maxCyclomaticComplexity="19" minCyclomaticComplexity="1" maxCrapScore="380" minCrapScore="2" visitedClasses="0" numClasses="1" visitedMethods="0" numMethods="4" />
          <FullName>Assignment5.Program</FullName>
          <Methods>
            <Method visited="false" cyclomaticComplexity="19" nPathComplexity="20480" sequenceCoverage="0" branchCoverage="0" crapScore="380" isConstructor="false" isStatic="true" isGetter="false" isSetter="false">
              <Summary numSequencePoints="65" visitedSequencePoints="0" numBranchPoints="30" visitedBranchPoints="0" sequenceCoverage="0" branchCoverage="0" maxCyclomaticComplexity="19" minCyclomaticComplexity="19" maxCrapScore="380" minCrapScore="380" visitedClasses="0" numClasses="0" visitedMethods="0" numMethods="1" />
              <MetadataToken>100663309</MetadataToken>
              <Name>System.Void Assignment5.Program::Main(System.String[])</Name>
              <FileRef uid="8" />
              <SequencePoints>
                <SequencePoint vc="0" uspid="57" ordinal="0" offset="0" sl="14" sc="9" el="14" ec="10" bec="0" bev="0" fileid="8" />
                <SequencePoint vc="0" uspid="58" ordinal="1" offset="1" sl="15" sc="13" el="15" ec="75" bec="0" bev="0" fileid="8" />
                <SequencePoint vc="0" uspid="59" ordinal="2" offset="14" sl="19" sc="13" el="19" ec="14" bec="0" bev="0" fileid="8" />
                <SequencePoint vc="0" uspid="60" ordinal="3" offset="15" sl="20" sc="17" el="20" ec="94" bec="0" bev="0" fileid="8" />
                <SequencePoint vc="0" uspid="61" ordinal="4" offset="26" sl="21" sc="17" el="21" ec="41" bec="0" bev="0" fileid="8" />
                <SequencePoint vc="0" uspid="62" ordinal="5" offset="32" sl="22" sc="17" el="22" ec="37" bec="0" bev="0" fileid="8" />
                <SequencePoint vc="0" uspid="63" ordinal="6" offset="38" sl="24" sc="17" el="24" ec="33" bec="11" bev="0" fileid="8" />
                <SequencePoint vc="0" uspid="64" ordinal="7" offset="121" sl="27" sc="25" el="27" ec="57" bec="0" bev="0" fileid="8" />
                <SequencePoint vc="0" uspid="65" ordinal="8" offset="132" sl="29" sc="25" el="29" ec="61" bec="0" bev="0" fileid="8" />
                <SequencePoint vc="0" uspid="66" ordinal="9" offset="138" sl="30" sc="25" el="30" ec="44" bec="0" bev="0" fileid="8" />
                <SequencePoint vc="0" uspid="67" ordinal="10" offset="146" sl="31" sc="25" el="31" ec="79" bec="0" bev="0" fileid="8" />
                <SequencePoint vc="0" uspid="68" ordinal="11" offset="157" sl="32" sc="25" el="32" ec="31" bec="0" bev="0" fileid="8" />
                <SequencePoint vc="0" uspid="69" ordinal="12" offset="162" sl="34" sc="25" el="34" ec="60" bec="0" bev="0" fileid="8" />
                <SequencePoint vc="0" uspid="70" ordinal="13" offset="173" sl="37" sc="25" el="37" ec="122" bec="0" bev="0" fileid="8" />
                <SequencePoint vc="0" uspid="71" ordinal="14" offset="184" sl="38" sc="25" el="38" ec="49" bec="0" bev="0" fileid="8" />
                <SequencePoint vc="0" uspid="72" ordinal="15" offset="190" sl="39" sc="25" el="39" ec="45" bec="0" bev="0" fileid="8" />
                <SequencePoint vc="0" uspid="73" ordinal="16" offset="196" sl="40" sc="25" el="40" ec="41" bec="4" bev="0" fileid="8" />
                <SequencePoint vc="0" uspid="74" ordinal="17" offset="221" sl="43" sc="33" el="43" ec="86" bec="0" bev="0" fileid="8" />
                <SequencePoint vc="0" uspid="75" ordinal="18" offset="232" sl="44" sc="33" el="44" ec="68" bec="0" bev="0" fileid="8" />
                <SequencePoint vc="0" uspid="76" ordinal="19" offset="244" sl="45" sc="33" el="45" ec="89" bec="0" bev="0" fileid="8" />
                <SequencePoint vc="0" uspid="77" ordinal="20" offset="255" sl="46" sc="33" el="46" ec="39" bec="0" bev="0" fileid="8" />
                <SequencePoint vc="0" uspid="78" ordinal="21" offset="257" sl="48" sc="33" el="48" ec="80" bec="0" bev="0" fileid="8" />
                <SequencePoint vc="0" uspid="79" ordinal="22" offset="268" sl="49" sc="33" el="49" ec="39" bec="0" bev="0" fileid="8" />
                <SequencePoint vc="0" uspid="80" ordinal="23" offset="270" sl="51" sc="25" el="51" ec="31" bec="0" bev="0" fileid="8" />
                <SequencePoint vc="0" uspid="81" ordinal="24" offset="275" sl="53" sc="25" el="53" ec="60" bec="0" bev="0" fileid="8" />
                <SequencePoint vc="0" uspid="82" ordinal="25" offset="286" sl="55" sc="25" el="55" ec="114" bec="0" bev="0" fileid="8" />
                <SequencePoint vc="0" uspid="83" ordinal="26" offset="297" sl="56" sc="25" el="56" ec="49" bec="0" bev="0" fileid="8" />
                <SequencePoint vc="0" uspid="84" ordinal="27" offset="303" sl="57" sc="25" el="57" ec="45" bec="0" bev="0" fileid="8" />
                <SequencePoint vc="0" uspid="85" ordinal="28" offset="309" sl="58" sc="25" el="58" ec="41" bec="6" bev="0" fileid="8" />
                <SequencePoint vc="0" uspid="86" ordinal="29" offset="342" sl="61" sc="33" el="61" ec="101" bec="0" bev="0" fileid="8" />
                <SequencePoint vc="0" uspid="87" ordinal="30" offset="353" sl="62" sc="33" el="62" ec="81" bec="0" bev="0" fileid="8" />
                <SequencePoint vc="0" uspid="88" ordinal="31" offset="370" sl="63" sc="33" el="63" ec="39" bec="0" bev="0" fileid="8" />
                <SequencePoint vc="0" uspid="89" ordinal="32" offset="372" sl="65" sc="33" el="65" ec="103" bec="0" bev="0" fileid="8" />
                <SequencePoint vc="0" uspid="90" ordinal="33" offset="383" sl="66" sc="33" el="66" ec="83" bec="0" bev="0" fileid="8" />
                <SequencePoint vc="0" uspid="91" ordinal="34" offset="400" sl="67" sc="33" el="67" ec="39" bec="0" bev="0" fileid="8" />
                <SequencePoint vc="0" uspid="92" ordinal="35" offset="402" sl="69" sc="33" el="69" ec="102" bec="0" bev="0" fileid="8" />
                <SequencePoint vc="0" uspid="93" ordinal="36" offset="413" sl="70" sc="33" el="70" ec="83" bec="0" bev="0" fileid="8" />
                <SequencePoint vc="0" uspid="94" ordinal="37" offset="430" sl="71" sc="33" el="71" ec="39" bec="0" bev="0" fileid="8" />
                <SequencePoint vc="0" uspid="95" ordinal="38" offset="432" sl="74" sc="25" el="74" ec="31" bec="0" bev="0" fileid="8" />
                <SequencePoint vc="0" uspid="96" ordinal="39" offset="437" sl="76" sc="25" el="76" ec="59" bec="0" bev="0" fileid="8" />
                <SequencePoint vc="0" uspid="97" ordinal="40" offset="448" sl="78" sc="30" el="78" ec="39" bec="0" bev="0" fileid="8" />
                <SequencePoint vc="0" uspid="98" ordinal="41" offset="453" sl="79" sc="25" el="79" ec="26" bec="0" bev="0" fileid="8" />
                <SequencePoint vc="0" uspid="99" ordinal="42" offset="454" sl="80" sc="29" el="80" ec="59" bec="2" bev="0" fileid="8" />
                <SequencePoint vc="0" uspid="100" ordinal="43" offset="472" sl="81" sc="29" el="81" ec="38" bec="0" bev="0" fileid="8" />
                <SequencePoint vc="0" uspid="101" ordinal="44" offset="474" sl="83" sc="33" el="83" ec="57" bec="0" bev="0" fileid="8" />
                <SequencePoint vc="0" uspid="102" ordinal="45" offset="489" sl="84" sc="25" el="84" ec="26" bec="0" bev="0" fileid="8" />
                <SequencePoint vc="0" uspid="103" ordinal="46" offset="490" sl="78" sc="68" el="78" ec="71" bec="0" bev="0" fileid="8" />
                <SequencePoint vc="0" uspid="104" ordinal="47" offset="496" sl="78" sc="41" el="78" ec="66" bec="2" bev="0" fileid="8" />
                <SequencePoint vc="0" uspid="105" ordinal="48" offset="514" sl="85" sc="25" el="85" ec="31" bec="0" bev="0" fileid="8" />
                <SequencePoint vc="0" uspid="106" ordinal="49" offset="516" sl="87" sc="25" el="87" ec="50" bec="0" bev="0" fileid="8" />
                <SequencePoint vc="0" uspid="107" ordinal="50" offset="527" sl="88" sc="25" el="88" ec="31" bec="0" bev="0" fileid="8" />
                <SequencePoint vc="0" uspid="108" ordinal="51" offset="529" sl="91" sc="25" el="91" ec="55" bec="0" bev="0" fileid="8" />
                <SequencePoint vc="0" uspid="109" ordinal="52" offset="541" sl="92" sc="25" el="92" ec="31" bec="0" bev="0" fileid="8" />
                <SequencePoint vc="0" uspid="110" ordinal="53" offset="543" sl="94" sc="25" el="94" ec="55" bec="0" bev="0" fileid="8" />
                <SequencePoint vc="0" uspid="111" ordinal="54" offset="555" sl="95" sc="25" el="95" ec="91" bec="0" bev="0" fileid="8" />
                <SequencePoint vc="0" uspid="112" ordinal="55" offset="566" sl="96" sc="25" el="96" ec="152" bec="0" bev="0" fileid="8" />
                <SequencePoint vc="0" uspid="113" ordinal="56" offset="582" sl="97" sc="25" el="97" ec="31" bec="0" bev="0" fileid="8" />
                <SequencePoint vc="0" uspid="114" ordinal="57" offset="584" sl="99" sc="25" el="99" ec="74" bec="0" bev="0" fileid="8" />
                <SequencePoint vc="0" uspid="115" ordinal="58" offset="612" sl="100" sc="25" el="100" ec="31" bec="0" bev="0" fileid="8" />
                <SequencePoint vc="0" uspid="116" ordinal="59" offset="614" sl="103" sc="17" el="103" ec="77" bec="0" bev="0" fileid="8" />
                <SequencePoint vc="0" uspid="117" ordinal="60" offset="625" sl="104" sc="17" el="104" ec="41" bec="0" bev="0" fileid="8" />
                <SequencePoint vc="0" uspid="118" ordinal="61" offset="631" sl="105" sc="17" el="105" ec="33" bec="0" bev="0" fileid="8" />
                <SequencePoint vc="0" uspid="119" ordinal="62" offset="637" sl="106" sc="13" el="106" ec="14" bec="0" bev="0" fileid="8" />
                <SequencePoint vc="0" uspid="120" ordinal="63" offset="638" sl="107" sc="13" el="107" ec="50" bec="2" bev="0" fileid="8" />
                <SequencePoint vc="0" uspid="121" ordinal="64" offset="661" sl="108" sc="9" el="108" ec="10" bec="0" bev="0" fileid="8" />
              </SequencePoints>
              <BranchPoints>
                <BranchPoint vc="0" uspid="124" ordinal="2" offset="54" sl="24" path="0" offsetchain="59" offsetend="61" fileid="8" />
                <BranchPoint vc="0" uspid="125" ordinal="3" offset="54" sl="24" path="1" offsetend="516" fileid="8" />
                <BranchPoint vc="0" uspid="126" ordinal="4" offset="64" sl="24" path="0" offsetchain="66" offsetend="584" fileid="8" />
                <BranchPoint vc="0" uspid="127" ordinal="5" offset="64" sl="24" path="1" offsetend="162" fileid="8" />
                <BranchPoint vc="0" uspid="128" ordinal="6" offset="75" sl="24" path="0" offsetchain="96" offsetend="98" fileid="8" />
                <BranchPoint vc="0" uspid="129" ordinal="7" offset="75" sl="24" path="1" offsetend="437" fileid="8" />
                <BranchPoint vc="0" uspid="130" ordinal="8" offset="75" sl="24" path="2" offsetend="584" fileid="8" />
                <BranchPoint vc="0" uspid="131" ordinal="9" offset="75" sl="24" path="3" offsetend="121" fileid="8" />
                <BranchPoint vc="0" uspid="132" ordinal="10" offset="75" sl="24" path="4" offsetend="543" fileid="8" />
                <BranchPoint vc="0" uspid="133" ordinal="11" offset="101" sl="24" path="0" offsetchain="106" offsetend="108" fileid="8" />
                <BranchPoint vc="0" uspid="134" ordinal="12" offset="101" sl="24" path="1" offsetend="275" fileid="8" />
                <BranchPoint vc="0" uspid="135" ordinal="13" offset="111" sl="24" path="0" offsetchain="116" offsetend="584" fileid="8" />
                <BranchPoint vc="0" uspid="136" ordinal="14" offset="111" sl="24" path="1" offsetend="529" fileid="8" />
                <BranchPoint vc="0" uspid="137" ordinal="15" offset="209" sl="40" path="0" offsetchain="211" offsetend="213" fileid="8" />
                <BranchPoint vc="0" uspid="138" ordinal="16" offset="209" sl="40" path="1" offsetend="257" fileid="8" />
                <BranchPoint vc="0" uspid="139" ordinal="17" offset="217" sl="40" path="0" offsetchain="219 270" offsetend="614" fileid="8" />
                <BranchPoint vc="0" uspid="140" ordinal="18" offset="217" sl="40" path="1" offsetend="221" fileid="8" />
                <BranchPoint vc="0" uspid="141" ordinal="19" offset="322" sl="58" path="0" offsetchain="324" offsetend="326" fileid="8" />
                <BranchPoint vc="0" uspid="142" ordinal="20" offset="322" sl="58" path="1" offsetend="372" fileid="8" />
                <BranchPoint vc="0" uspid="143" ordinal="21" offset="330" sl="58" path="0" offsetchain="332" offsetend="334" fileid="8" />
                <BranchPoint vc="0" uspid="144" ordinal="22" offset="330" sl="58" path="1" offsetend="402" fileid="8" />
                <BranchPoint vc="0" uspid="145" ordinal="23" offset="338" sl="58" path="0" offsetchain="340 432" offsetend="614" fileid="8" />
                <BranchPoint vc="0" uspid="146" ordinal="24" offset="338" sl="58" path="1" offsetend="342" fileid="8" />
                <BranchPoint vc="0" uspid="147" ordinal="25" offset="470" sl="80" path="0" offsetchain="472" offsetend="490" fileid="8" />
                <BranchPoint vc="0" uspid="148" ordinal="26" offset="470" sl="80" path="1" offsetend="474" fileid="8" />
                <BranchPoint vc="0" uspid="149" ordinal="27" offset="512" sl="78" path="0" offsetchain="514" offsetend="614" fileid="8" />
                <BranchPoint vc="0" uspid="150" ordinal="28" offset="512" sl="78" path="1" offsetend="453" fileid="8" />
                <BranchPoint vc="0" uspid="151" ordinal="29" offset="656" sl="107" path="0" offsetend="661" fileid="8" />
                <BranchPoint vc="0" uspid="152" ordinal="30" offset="656" sl="107" path="1" offsetend="14" fileid="8" />
              </BranchPoints>
              <MethodPoint xsi:type="SequencePoint" vc="0" uspid="57" ordinal="0" offset="0" sl="14" sc="9" el="14" ec="10" bec="0" bev="0" fileid="8" />
            </Method>
            <Method visited="false" cyclomaticComplexity="1" nPathComplexity="0" sequenceCoverage="0" branchCoverage="0" crapScore="2" isConstructor="false" isStatic="true" isGetter="false" isSetter="false">
              <Summary numSequencePoints="4" visitedSequencePoints="0" numBranchPoints="1" visitedBranchPoints="0" sequenceCoverage="0" branchCoverage="0" maxCyclomaticComplexity="1" minCyclomaticComplexity="1" maxCrapScore="2" minCrapScore="2" visitedClasses="0" numClasses="0" visitedMethods="0" numMethods="1" />
              <MetadataToken>100663310</MetadataToken>
              <Name>System.Boolean Assignment5.Program::Show(Assignment5.Recipe)</Name>
              <FileRef uid="8" />
              <SequencePoints>
                <SequencePoint vc="0" uspid="153" ordinal="0" offset="0" sl="110" sc="9" el="110" ec="10" bec="0" bev="0" fileid="8" />
                <SequencePoint vc="0" uspid="154" ordinal="1" offset="1" sl="111" sc="14" el="111" ec="51" bec="0" bev="0" fileid="8" />
                <SequencePoint vc="0" uspid="155" ordinal="2" offset="13" sl="112" sc="13" el="112" ec="25" bec="0" bev="0" fileid="8" />
                <SequencePoint vc="0" uspid="156" ordinal="3" offset="17" sl="113" sc="9" el="113" ec="10" bec="0" bev="0" fileid="8" />
              </SequencePoints>
              <BranchPoints />
              <MethodPoint xsi:type="SequencePoint" vc="0" uspid="153" ordinal="0" offset="0" sl="110" sc="9" el="110" ec="10" bec="0" bev="0" fileid="8" />
            </Method>
            <Method visited="false" cyclomaticComplexity="3" nPathComplexity="4" sequenceCoverage="0" branchCoverage="0" crapScore="12" isConstructor="false" isStatic="true" isGetter="false" isSetter="false">
              <Summary numSequencePoints="35" visitedSequencePoints="0" numBranchPoints="5" visitedBranchPoints="0" sequenceCoverage="0" branchCoverage="0" maxCyclomaticComplexity="3" minCyclomaticComplexity="3" maxCrapScore="12" minCrapScore="12" visitedClasses="0" numClasses="0" visitedMethods="0" numMethods="1" />
              <MetadataToken>100663311</MetadataToken>
              <Name>Assignment5.Recipe Assignment5.Program::GetRecipeFromInput()</Name>
              <FileRef uid="8" />
              <SequencePoints>
                <SequencePoint vc="0" uspid="157" ordinal="0" offset="0" sl="116" sc="9" el="116" ec="10" bec="0" bev="0" fileid="8" />
                <SequencePoint vc="0" uspid="158" ordinal="1" offset="1" sl="117" sc="13" el="117" ec="57" bec="0" bev="0" fileid="8" />
                <SequencePoint vc="0" uspid="159" ordinal="2" offset="12" sl="118" sc="13" el="118" ec="47" bec="0" bev="0" fileid="8" />
                <SequencePoint vc="0" uspid="160" ordinal="3" offset="18" sl="119" sc="13" el="119" ec="64" bec="0" bev="0" fileid="8" />
                <SequencePoint vc="0" uspid="161" ordinal="4" offset="29" sl="120" sc="13" el="120" ec="53" bec="0" bev="0" fileid="8" />
                <SequencePoint vc="0" uspid="162" ordinal="5" offset="35" sl="121" sc="13" el="121" ec="68" bec="0" bev="0" fileid="8" />
                <SequencePoint vc="0" uspid="163" ordinal="6" offset="46" sl="122" sc="13" el="122" ec="65" bec="0" bev="0" fileid="8" />
                <SequencePoint vc="0" uspid="164" ordinal="7" offset="57" sl="123" sc="13" el="123" ec="69" bec="0" bev="0" fileid="8" />
                <SequencePoint vc="0" uspid="165" ordinal="8" offset="68" sl="124" sc="13" el="124" ec="59" bec="0" bev="0" fileid="8" />
                <SequencePoint vc="0" uspid="166" ordinal="9" offset="79" sl="125" sc="13" el="125" ec="74" bec="0" bev="0" fileid="8" />
                <SequencePoint vc="0" uspid="167" ordinal="10" offset="90" sl="126" sc="13" el="126" ec="49" bec="0" bev="0" fileid="8" />
                <SequencePoint vc="0" uspid="168" ordinal="11" offset="97" sl="127" sc="13" el="127" ec="58" bec="0" bev="0" fileid="8" />
                <SequencePoint vc="0" uspid="169" ordinal="12" offset="108" sl="128" sc="13" el="128" ec="117" bec="0" bev="0" fileid="8" />
                <SequencePoint vc="0" uspid="170" ordinal="13" offset="132" sl="130" sc="13" el="130" ec="73" bec="0" bev="0" fileid="8" />
                <SequencePoint vc="0" uspid="171" ordinal="14" offset="140" sl="131" sc="18" el="131" ec="27" bec="0" bev="0" fileid="8" />
                <SequencePoint vc="0" uspid="172" ordinal="15" offset="145" sl="132" sc="13" el="132" ec="14" bec="0" bev="0" fileid="8" />
                <SequencePoint vc="0" uspid="173" ordinal="16" offset="146" sl="133" sc="17" el="133" ec="66" bec="0" bev="0" fileid="8" />
                <SequencePoint vc="0" uspid="174" ordinal="17" offset="157" sl="134" sc="17" el="134" ec="50" bec="0" bev="0" fileid="8" />
                <SequencePoint vc="0" uspid="175" ordinal="18" offset="164" sl="135" sc="17" el="135" ec="74" bec="0" bev="0" fileid="8" />
                <SequencePoint vc="0" uspid="176" ordinal="19" offset="175" sl="136" sc="17" el="136" ec="60" bec="0" bev="0" fileid="8" />
                <SequencePoint vc="0" uspid="177" ordinal="20" offset="182" sl="137" sc="17" el="137" ec="72" bec="0" bev="0" fileid="8" />
                <SequencePoint vc="0" uspid="178" ordinal="21" offset="193" sl="138" sc="17" el="138" ec="68" bec="0" bev="0" fileid="8" />
                <SequencePoint vc="0" uspid="179" ordinal="22" offset="205" sl="139" sc="17" el="139" ec="68" bec="0" bev="0" fileid="8" />
                <SequencePoint vc="0" uspid="180" ordinal="23" offset="216" sl="140" sc="17" el="140" ec="50" bec="0" bev="0" fileid="8" />
                <SequencePoint vc="0" uspid="181" ordinal="24" offset="223" sl="141" sc="17" el="141" ec="87" bec="0" bev="0" fileid="8" />
                <SequencePoint vc="0" uspid="182" ordinal="25" offset="241" sl="142" sc="13" el="142" ec="14" bec="0" bev="0" fileid="8" />
                <SequencePoint vc="0" uspid="183" ordinal="26" offset="242" sl="131" sc="53" el="131" ec="56" bec="0" bev="0" fileid="8" />
                <SequencePoint vc="0" uspid="184" ordinal="27" offset="248" sl="131" sc="29" el="131" ec="51" bec="2" bev="0" fileid="8" />
                <SequencePoint vc="0" uspid="185" ordinal="28" offset="262" sl="143" sc="13" el="143" ec="106" bec="0" bev="0" fileid="8" />
                <SequencePoint vc="0" uspid="186" ordinal="29" offset="277" sl="144" sc="17" el="144" ec="26" bec="0" bev="0" fileid="8" />
                <SequencePoint vc="0" uspid="187" ordinal="30" offset="282" sl="145" sc="17" el="145" ec="53" bec="0" bev="0" fileid="8" />
                <SequencePoint vc="0" uspid="188" ordinal="31" offset="295" sl="144" sc="52" el="144" ec="55" bec="0" bev="0" fileid="8" />
                <SequencePoint vc="0" uspid="189" ordinal="32" offset="301" sl="144" sc="28" el="144" ec="50" bec="2" bev="0" fileid="8" />
                <SequencePoint vc="0" uspid="190" ordinal="33" offset="315" sl="146" sc="13" el="146" ec="26" bec="0" bev="0" fileid="8" />
                <SequencePoint vc="0" uspid="191" ordinal="34" offset="321" sl="148" sc="9" el="148" ec="10" bec="0" bev="0" fileid="8" />
              </SequencePoints>
              <BranchPoints>
                <BranchPoint vc="0" uspid="192" ordinal="0" offset="260" sl="131" path="0" offsetend="262" fileid="8" />
                <BranchPoint vc="0" uspid="193" ordinal="1" offset="260" sl="131" path="1" offsetend="145" fileid="8" />
                <BranchPoint vc="0" uspid="194" ordinal="2" offset="313" sl="144" path="0" offsetend="315" fileid="8" />
                <BranchPoint vc="0" uspid="195" ordinal="3" offset="313" sl="144" path="1" offsetend="282" fileid="8" />
              </BranchPoints>
              <MethodPoint xsi:type="SequencePoint" vc="0" uspid="157" ordinal="0" offset="0" sl="116" sc="9" el="116" ec="10" bec="0" bev="0" fileid="8" />
            </Method>
            <Method visited="false" cyclomaticComplexity="1" nPathComplexity="0" sequenceCoverage="0" branchCoverage="0" crapScore="2" isConstructor="true" isStatic="false" isGetter="false" isSetter="false">
              <Summary numSequencePoints="1" visitedSequencePoints="0" numBranchPoints="1" visitedBranchPoints="0" sequenceCoverage="0" branchCoverage="0" maxCyclomaticComplexity="1" minCyclomaticComplexity="1" maxCrapScore="2" minCrapScore="2" visitedClasses="0" numClasses="0" visitedMethods="0" numMethods="1" />
              <MetadataToken>100663312</MetadataToken>
              <Name>System.Void Assignment5.Program::.ctor()</Name>
              <FileRef uid="8" />
              <SequencePoints>
                <SequencePoint vc="0" uspid="196" ordinal="0" offset="0" sl="12" sc="9" el="12" ec="73" bec="0" bev="0" fileid="8" />
              </SequencePoints>
              <BranchPoints />
              <MethodPoint xsi:type="SequencePoint" vc="0" uspid="196" ordinal="0" offset="0" sl="12" sc="9" el="12" ec="73" bec="0" bev="0" fileid="8" />
            </Method>
          </Methods>
        </Class>
        <Class>
          <Summary numSequencePoints="89" visitedSequencePoints="61" numBranchPoints="28" visitedBranchPoints="15" sequenceCoverage="68.54" branchCoverage="53.57" maxCyclomaticComplexity="3" minCyclomaticComplexity="1" maxCrapScore="12" minCrapScore="1" visitedClasses="1" numClasses="1" visitedMethods="5" numMethods="10" />
          <FullName>Assignment5.Recipe</FullName>
          <Methods>
            <Method visited="false" cyclomaticComplexity="1" nPathComplexity="0" sequenceCoverage="0" branchCoverage="0" crapScore="2" isConstructor="false" isStatic="false" isGetter="true" isSetter="false">
              <Summary numSequencePoints="3" visitedSequencePoints="0" numBranchPoints="1" visitedBranchPoints="0" sequenceCoverage="0" branchCoverage="0" maxCyclomaticComplexity="1" minCyclomaticComplexity="1" maxCrapScore="2" minCrapScore="2" visitedClasses="0" numClasses="0" visitedMethods="0" numMethods="1" />
              <MetadataToken>100663320</MetadataToken>
              <Name>Assignment5.Ingredient[] Assignment5.Recipe::get_Ingredients()</Name>
              <FileRef uid="9" />
              <SequencePoints>
                <SequencePoint vc="0" uspid="197" ordinal="0" offset="0" sl="163" sc="13" el="163" ec="14" bec="0" bev="0" fileid="9" />
                <SequencePoint vc="0" uspid="198" ordinal="1" offset="1" sl="164" sc="17" el="164" ec="37" bec="0" bev="0" fileid="9" />
                <SequencePoint vc="0" uspid="199" ordinal="2" offset="10" sl="165" sc="13" el="165" ec="14" bec="0" bev="0" fileid="9" />
              </SequencePoints>
              <BranchPoints />
              <MethodPoint xsi:type="SequencePoint" vc="0" uspid="197" ordinal="0" offset="0" sl="163" sc="13" el="163" ec="14" bec="0" bev="0" fileid="9" />
            </Method>
            <Method visited="false" cyclomaticComplexity="1" nPathComplexity="0" sequenceCoverage="0" branchCoverage="0" crapScore="2" isConstructor="false" isStatic="false" isGetter="false" isSetter="true">
              <Summary numSequencePoints="2" visitedSequencePoints="0" numBranchPoints="1" visitedBranchPoints="0" sequenceCoverage="0" branchCoverage="0" maxCyclomaticComplexity="1" minCyclomaticComplexity="1" maxCrapScore="2" minCrapScore="2" visitedClasses="0" numClasses="0" visitedMethods="0" numMethods="1" />
              <MetadataToken>100663321</MetadataToken>
              <Name>System.Void Assignment5.Recipe::set_Ingredients(Assignment5.Ingredient[])</Name>
              <FileRef uid="9" />
              <SequencePoints>
                <SequencePoint vc="0" uspid="200" ordinal="0" offset="0" sl="167" sc="13" el="167" ec="14" bec="0" bev="0" fileid="9" />
                <SequencePoint vc="0" uspid="201" ordinal="1" offset="1" sl="170" sc="13" el="170" ec="14" bec="0" bev="0" fileid="9" />
              </SequencePoints>
              <BranchPoints />
              <MethodPoint xsi:type="SequencePoint" vc="0" uspid="200" ordinal="0" offset="0" sl="167" sc="13" el="167" ec="14" bec="0" bev="0" fileid="9" />
            </Method>
            <Method visited="true" cyclomaticComplexity="1" nPathComplexity="0" sequenceCoverage="100" branchCoverage="100" crapScore="1" isConstructor="true" isStatic="false" isGetter="false" isSetter="false">
              <Summary numSequencePoints="10" visitedSequencePoints="10" numBranchPoints="1" visitedBranchPoints="1" sequenceCoverage="100" branchCoverage="100" maxCyclomaticComplexity="1" minCyclomaticComplexity="1" maxCrapScore="1" minCrapScore="1" visitedClasses="0" numClasses="0" visitedMethods="1" numMethods="1" />
              <MetadataToken>100663313</MetadataToken>
              <Name>System.Void Assignment5.Recipe::.ctor(System.String,System.String,Assignment5.Ingredient[],System.Int32,System.String,System.String[])</Name>
              <FileRef uid="9" />
              <SequencePoints>
                <SequencePoint vc="2" uspid="202" ordinal="0" offset="0" sl="26" sc="9" el="26" ec="136" bec="0" bev="0" fileid="9">
                  <TrackedMethodRefs>
                    <TrackedMethodRef uid="4" vc="1" />
                    <TrackedMethodRef uid="3" vc="1" />
                  </TrackedMethodRefs>
                </SequencePoint>
                <SequencePoint vc="2" uspid="203" ordinal="1" offset="7" sl="27" sc="9" el="27" ec="10" bec="0" bev="0" fileid="9">
                  <TrackedMethodRefs>
                    <TrackedMethodRef uid="4" vc="1" />
                    <TrackedMethodRef uid="3" vc="1" />
                  </TrackedMethodRefs>
                </SequencePoint>
                <SequencePoint vc="2" uspid="204" ordinal="2" offset="8" sl="29" sc="13" el="29" ec="32" bec="0" bev="0" fileid="9">
                  <TrackedMethodRefs>
                    <TrackedMethodRef uid="4" vc="1" />
                    <TrackedMethodRef uid="3" vc="1" />
                  </TrackedMethodRefs>
                </SequencePoint>
                <SequencePoint vc="2" uspid="205" ordinal="3" offset="15" sl="30" sc="13" el="30" ec="46" bec="0" bev="0" fileid="9">
                  <TrackedMethodRefs>
                    <TrackedMethodRef uid="4" vc="1" />
                    <TrackedMethodRef uid="3" vc="1" />
                  </TrackedMethodRefs>
                </SequencePoint>
                <SequencePoint vc="2" uspid="206" ordinal="4" offset="22" sl="31" sc="13" el="31" ec="46" bec="0" bev="0" fileid="9">
                  <TrackedMethodRefs>
                    <TrackedMethodRef uid="4" vc="1" />
                    <TrackedMethodRef uid="3" vc="1" />
                  </TrackedMethodRefs>
                </SequencePoint>
                <SequencePoint vc="2" uspid="207" ordinal="5" offset="30" sl="32" sc="13" el="32" ec="36" bec="0" bev="0" fileid="9">
                  <TrackedMethodRefs>
                    <TrackedMethodRef uid="4" vc="1" />
                    <TrackedMethodRef uid="3" vc="1" />
                  </TrackedMethodRefs>
                </SequencePoint>
                <SequencePoint vc="2" uspid="208" ordinal="6" offset="38" sl="33" sc="13" el="33" ec="37" bec="0" bev="0" fileid="9">
                  <TrackedMethodRefs>
                    <TrackedMethodRef uid="4" vc="1" />
                    <TrackedMethodRef uid="3" vc="1" />
                  </TrackedMethodRefs>
                </SequencePoint>
                <SequencePoint vc="2" uspid="209" ordinal="7" offset="46" sl="34" sc="13" el="34" ec="55" bec="0" bev="0" fileid="9">
                  <TrackedMethodRefs>
                    <TrackedMethodRef uid="4" vc="1" />
                    <TrackedMethodRef uid="3" vc="1" />
                  </TrackedMethodRefs>
                </SequencePoint>
                <SequencePoint vc="2" uspid="210" ordinal="8" offset="55" sl="35" sc="13" el="35" ec="47" bec="0" bev="0" fileid="9">
                  <TrackedMethodRefs>
                    <TrackedMethodRef uid="4" vc="1" />
                    <TrackedMethodRef uid="3" vc="1" />
                  </TrackedMethodRefs>
                </SequencePoint>
                <SequencePoint vc="2" uspid="211" ordinal="9" offset="62" sl="36" sc="9" el="36" ec="10" bec="0" bev="0" fileid="9">
                  <TrackedMethodRefs>
                    <TrackedMethodRef uid="4" vc="1" />
                    <TrackedMethodRef uid="3" vc="1" />
                  </TrackedMethodRefs>
                </SequencePoint>
              </SequencePoints>
              <BranchPoints />
              <MethodPoint xsi:type="SequencePoint" vc="2" uspid="202" ordinal="0" offset="0" sl="26" sc="9" el="26" ec="136" bec="0" bev="0" fileid="9">
                <TrackedMethodRefs>
                  <TrackedMethodRef uid="4" vc="1" />
                  <TrackedMethodRef uid="3" vc="1" />
                </TrackedMethodRefs>
              </MethodPoint>
            </Method>
            <Method visited="true" cyclomaticComplexity="1" nPathComplexity="0" sequenceCoverage="100" branchCoverage="100" crapScore="1" isConstructor="true" isStatic="false" isGetter="false" isSetter="false">
              <Summary numSequencePoints="10" visitedSequencePoints="10" numBranchPoints="1" visitedBranchPoints="1" sequenceCoverage="100" branchCoverage="100" maxCyclomaticComplexity="1" minCyclomaticComplexity="1" maxCrapScore="1" minCrapScore="1" visitedClasses="0" numClasses="0" visitedMethods="1" numMethods="1" />
              <MetadataToken>100663314</MetadataToken>
              <Name>System.Void Assignment5.Recipe::.ctor(System.String,System.String,System.Int32,System.Int32,System.String,System.String[])</Name>
              <FileRef uid="9" />
              <SequencePoints>
                <SequencePoint vc="5" uspid="212" ordinal="0" offset="0" sl="47" sc="9" el="47" ec="131" bec="0" bev="0" fileid="9">
                  <TrackedMethodRefs>
                    <TrackedMethodRef uid="1" vc="1" />
                    <TrackedMethodRef uid="5" vc="1" />
                  </TrackedMethodRefs>
                </SequencePoint>
                <SequencePoint vc="5" uspid="213" ordinal="1" offset="7" sl="48" sc="9" el="48" ec="10" bec="0" bev="0" fileid="9">
                  <TrackedMethodRefs>
                    <TrackedMethodRef uid="1" vc="1" />
                    <TrackedMethodRef uid="5" vc="1" />
                  </TrackedMethodRefs>
                </SequencePoint>
                <SequencePoint vc="5" uspid="214" ordinal="2" offset="8" sl="50" sc="13" el="50" ec="32" bec="0" bev="0" fileid="9">
                  <TrackedMethodRefs>
                    <TrackedMethodRef uid="1" vc="1" />
                    <TrackedMethodRef uid="5" vc="1" />
                  </TrackedMethodRefs>
                </SequencePoint>
                <SequencePoint vc="5" uspid="215" ordinal="3" offset="15" sl="51" sc="13" el="51" ec="46" bec="0" bev="0" fileid="9">
                  <TrackedMethodRefs>
                    <TrackedMethodRef uid="1" vc="1" />
                    <TrackedMethodRef uid="5" vc="1" />
                  </TrackedMethodRefs>
                </SequencePoint>
                <SequencePoint vc="5" uspid="216" ordinal="4" offset="22" sl="52" sc="13" el="52" ec="46" bec="0" bev="0" fileid="9">
                  <TrackedMethodRefs>
                    <TrackedMethodRef uid="1" vc="1" />
                    <TrackedMethodRef uid="5" vc="1" />
                  </TrackedMethodRefs>
                </SequencePoint>
                <SequencePoint vc="5" uspid="217" ordinal="5" offset="30" sl="53" sc="13" el="53" ec="36" bec="0" bev="0" fileid="9">
                  <TrackedMethodRefs>
                    <TrackedMethodRef uid="1" vc="1" />
                    <TrackedMethodRef uid="5" vc="1" />
                  </TrackedMethodRefs>
                </SequencePoint>
                <SequencePoint vc="5" uspid="218" ordinal="6" offset="38" sl="54" sc="13" el="54" ec="37" bec="0" bev="0" fileid="9">
                  <TrackedMethodRefs>
                    <TrackedMethodRef uid="1" vc="1" />
                    <TrackedMethodRef uid="5" vc="1" />
                  </TrackedMethodRefs>
                </SequencePoint>
                <SequencePoint vc="5" uspid="219" ordinal="7" offset="46" sl="55" sc="13" el="55" ec="52" bec="0" bev="0" fileid="9">
                  <TrackedMethodRefs>
                    <TrackedMethodRef uid="1" vc="1" />
                    <TrackedMethodRef uid="5" vc="1" />
                  </TrackedMethodRefs>
                </SequencePoint>
                <SequencePoint vc="5" uspid="220" ordinal="8" offset="53" sl="56" sc="13" el="56" ec="72" bec="0" bev="0" fileid="9">
                  <TrackedMethodRefs>
                    <TrackedMethodRef uid="1" vc="1" />
                    <TrackedMethodRef uid="5" vc="1" />
                  </TrackedMethodRefs>
                </SequencePoint>
                <SequencePoint vc="5" uspid="221" ordinal="9" offset="70" sl="58" sc="9" el="58" ec="10" bec="0" bev="0" fileid="9">
                  <TrackedMethodRefs>
                    <TrackedMethodRef uid="1" vc="1" />
                    <TrackedMethodRef uid="5" vc="1" />
                  </TrackedMethodRefs>
                </SequencePoint>
              </SequencePoints>
              <BranchPoints />
              <MethodPoint xsi:type="SequencePoint" vc="5" uspid="212" ordinal="0" offset="0" sl="47" sc="9" el="47" ec="131" bec="0" bev="0" fileid="9">
                <TrackedMethodRefs>
                  <TrackedMethodRef uid="1" vc="1" />
                  <TrackedMethodRef uid="5" vc="1" />
                </TrackedMethodRefs>
              </MethodPoint>
            </Method>
            <Method visited="true" cyclomaticComplexity="3" nPathComplexity="4" sequenceCoverage="90.91" branchCoverage="60" crapScore="3.01" isConstructor="false" isStatic="false" isGetter="false" isSetter="false">
              <Summary numSequencePoints="11" visitedSequencePoints="10" numBranchPoints="5" visitedBranchPoints="3" sequenceCoverage="90.91" branchCoverage="60" maxCyclomaticComplexity="3" minCyclomaticComplexity="3" maxCrapScore="3.01" minCrapScore="3.01" visitedClasses="0" numClasses="0" visitedMethods="1" numMethods="1" />
              <MetadataToken>100663315</MetadataToken>
              <Name>System.Boolean Assignment5.Recipe::AddIngredient(Assignment5.Ingredient)</Name>
              <FileRef uid="9" />
              <SequencePoints>
                <SequencePoint vc="3" uspid="222" ordinal="0" offset="0" sl="72" sc="9" el="72" ec="10" bec="0" bev="0" fileid="9">
                  <TrackedMethodRefs>
                    <TrackedMethodRef uid="4" vc="1" />
                    <TrackedMethodRef uid="3" vc="1" />
                    <TrackedMethodRef uid="5" vc="1" />
                  </TrackedMethodRefs>
                </SequencePoint>
                <SequencePoint vc="3" uspid="223" ordinal="1" offset="1" sl="74" sc="18" el="74" ec="25" bec="0" bev="0" fileid="9">
                  <TrackedMethodRefs>
                    <TrackedMethodRef uid="4" vc="1" />
                    <TrackedMethodRef uid="3" vc="1" />
                    <TrackedMethodRef uid="5" vc="1" />
                  </TrackedMethodRefs>
                </SequencePoint>
                <SequencePoint vc="3" uspid="224" ordinal="2" offset="5" sl="75" sc="13" el="75" ec="14" bec="0" bev="0" fileid="9">
                  <TrackedMethodRefs>
                    <TrackedMethodRef uid="4" vc="1" />
                    <TrackedMethodRef uid="3" vc="1" />
                    <TrackedMethodRef uid="5" vc="1" />
                  </TrackedMethodRefs>
                </SequencePoint>
                <SequencePoint vc="3" uspid="225" ordinal="3" offset="6" sl="76" sc="17" el="76" ec="46" bec="2" bev="1" fileid="9">
                  <TrackedMethodRefs>
                    <TrackedMethodRef uid="4" vc="1" />
                    <TrackedMethodRef uid="3" vc="1" />
                    <TrackedMethodRef uid="5" vc="1" />
                  </TrackedMethodRefs>
                </SequencePoint>
                <SequencePoint vc="3" uspid="226" ordinal="4" offset="21" sl="77" sc="17" el="77" ec="18" bec="0" bev="0" fileid="9">
                  <TrackedMethodRefs>
                    <TrackedMethodRef uid="4" vc="1" />
                    <TrackedMethodRef uid="3" vc="1" />
                    <TrackedMethodRef uid="5" vc="1" />
                  </TrackedMethodRefs>
                </SequencePoint>
                <SequencePoint vc="3" uspid="227" ordinal="5" offset="22" sl="78" sc="21" el="78" ec="52" bec="0" bev="0" fileid="9">
                  <TrackedMethodRefs>
                    <TrackedMethodRef uid="4" vc="1" />
                    <TrackedMethodRef uid="3" vc="1" />
                    <TrackedMethodRef uid="5" vc="1" />
                  </TrackedMethodRefs>
                </SequencePoint>
                <SequencePoint vc="3" uspid="228" ordinal="6" offset="31" sl="79" sc="17" el="79" ec="18" bec="0" bev="0" fileid="9">
                  <TrackedMethodRefs>
                    <TrackedMethodRef uid="4" vc="1" />
                    <TrackedMethodRef uid="3" vc="1" />
                    <TrackedMethodRef uid="5" vc="1" />
                  </TrackedMethodRefs>
                </SequencePoint>
                <SequencePoint vc="3" uspid="229" ordinal="7" offset="32" sl="80" sc="17" el="80" ec="29" bec="0" bev="0" fileid="9">
                  <TrackedMethodRefs>
                    <TrackedMethodRef uid="4" vc="1" />
                    <TrackedMethodRef uid="3" vc="1" />
                    <TrackedMethodRef uid="5" vc="1" />
                  </TrackedMethodRefs>
                </SequencePoint>
                <SequencePoint vc="3" uspid="230" ordinal="8" offset="36" sl="74" sc="26" el="74" ec="49" bec="2" bev="1" fileid="9">
                  <TrackedMethodRefs>
                    <TrackedMethodRef uid="4" vc="1" />
                    <TrackedMethodRef uid="3" vc="1" />
                    <TrackedMethodRef uid="5" vc="1" />
                  </TrackedMethodRefs>
                </SequencePoint>
                <SequencePoint vc="0" uspid="231" ordinal="9" offset="51" sl="82" sc="13" el="82" ec="26" bec="0" bev="0" fileid="9" />
                <SequencePoint vc="3" uspid="232" ordinal="10" offset="55" sl="83" sc="9" el="83" ec="10" bec="0" bev="0" fileid="9">
                  <TrackedMethodRefs>
                    <TrackedMethodRef uid="4" vc="1" />
                    <TrackedMethodRef uid="3" vc="1" />
                    <TrackedMethodRef uid="5" vc="1" />
                  </TrackedMethodRefs>
                </SequencePoint>
              </SequencePoints>
              <BranchPoints>
                <BranchPoint vc="3" uspid="233" ordinal="0" offset="19" sl="76" path="0" offsetend="21" fileid="9">
                  <TrackedMethodRefs>
                    <TrackedMethodRef uid="4" vc="1" />
[...]
                <SequencePoint vc="0" uspid="360" ordinal="5" offset="43" sl="98" sc="29" el="98" ec="46" bec="2" bev="0" fileid="10" />
                <SequencePoint vc="0" uspid="361" ordinal="6" offset="58" sl="101" sc="13" el="101" ec="25" bec="0" bev="0" fileid="10" />
                <SequencePoint vc="0" uspid="362" ordinal="7" offset="62" sl="102" sc="9" el="102" ec="10" bec="0" bev="0" fileid="10" />
              </SequencePoints>
              <BranchPoints>
                <BranchPoint vc="0" uspid="363" ordinal="0" offset="26" sl="99" path="0" offsetend="28" fileid="10" />
                <BranchPoint vc="0" uspid="364" ordinal="1" offset="26" sl="99" path="1" offsetend="39" fileid="10" />
                <BranchPoint vc="0" uspid="365" ordinal="2" offset="56" sl="98" path="0" offsetend="58" fileid="10" />
                <BranchPoint vc="0" uspid="366" ordinal="3" offset="56" sl="98" path="1" offsetend="5" fileid="10" />
              </BranchPoints>
              <MethodPoint xsi:type="SequencePoint" vc="0" uspid="355" ordinal="0" offset="0" sl="96" sc="9" el="96" ec="10" bec="0" bev="0" fileid="10" />
            </Method>
            <Method visited="false" cyclomaticComplexity="4" nPathComplexity="8" sequenceCoverage="0" branchCoverage="0" crapScore="20" isConstructor="false" isStatic="false" isGetter="false" isSetter="false">
              <Summary numSequencePoints="13" visitedSequencePoints="0" numBranchPoints="7" visitedBranchPoints="0" sequenceCoverage="0" branchCoverage="0" maxCyclomaticComplexity="4" minCyclomaticComplexity="4" maxCrapScore="20" minCrapScore="20" visitedClasses="0" numClasses="0" visitedMethods="0" numMethods="1" />
              <MetadataToken>100663328</MetadataToken>
              <Name>Assignment5.Recipe Assignment5.RecipeBook::LookupByKeyword(System.String)</Name>
              <FileRef uid="10" />
              <SequencePoints>
                <SequencePoint vc="0" uspid="367" ordinal="0" offset="0" sl="110" sc="9" el="110" ec="10" bec="0" bev="0" fileid="10" />
                <SequencePoint vc="0" uspid="368" ordinal="1" offset="1" sl="112" sc="18" el="112" ec="27" bec="0" bev="0" fileid="10" />
                <SequencePoint vc="0" uspid="369" ordinal="2" offset="5" sl="113" sc="22" el="113" ec="31" bec="0" bev="0" fileid="10" />
                <SequencePoint vc="0" uspid="370" ordinal="3" offset="9" sl="114" sc="17" el="114" ec="18" bec="0" bev="0" fileid="10" />
                <SequencePoint vc="0" uspid="371" ordinal="4" offset="10" sl="115" sc="21" el="115" ec="57" bec="2" bev="0" fileid="10" />
                <SequencePoint vc="0" uspid="372" ordinal="5" offset="35" sl="116" sc="25" el="116" ec="42" bec="0" bev="0" fileid="10" />
                <SequencePoint vc="0" uspid="373" ordinal="6" offset="46" sl="117" sc="17" el="117" ec="18" bec="0" bev="0" fileid="10" />
                <SequencePoint vc="0" uspid="374" ordinal="7" offset="47" sl="113" sc="52" el="113" ec="55" bec="0" bev="0" fileid="10" />
                <SequencePoint vc="0" uspid="375" ordinal="8" offset="51" sl="113" sc="33" el="113" ec="50" bec="2" bev="0" fileid="10" />
                <SequencePoint vc="0" uspid="376" ordinal="9" offset="68" sl="112" sc="48" el="112" ec="51" bec="0" bev="0" fileid="10" />
                <SequencePoint vc="0" uspid="377" ordinal="10" offset="72" sl="112" sc="29" el="112" ec="46" bec="2" bev="0" fileid="10" />
                <SequencePoint vc="0" uspid="378" ordinal="11" offset="89" sl="119" sc="13" el="119" ec="25" bec="0" bev="0" fileid="10" />
                <SequencePoint vc="0" uspid="379" ordinal="12" offset="93" sl="120" sc="9" el="120" ec="10" bec="0" bev="0" fileid="10" />
              </SequencePoints>
              <BranchPoints>
                <BranchPoint vc="0" uspid="380" ordinal="0" offset="33" sl="115" path="0" offsetend="35" fileid="10" />
                <BranchPoint vc="0" uspid="381" ordinal="1" offset="33" sl="115" path="1" offsetend="46" fileid="10" />
                <BranchPoint vc="0" uspid="382" ordinal="2" offset="66" sl="113" path="0" offsetend="68" fileid="10" />
                <BranchPoint vc="0" uspid="383" ordinal="3" offset="66" sl="113" path="1" offsetend="9" fileid="10" />
                <BranchPoint vc="0" uspid="384" ordinal="4" offset="87" sl="112" path="0" offsetend="89" fileid="10" />
                <BranchPoint vc="0" uspid="385" ordinal="5" offset="87" sl="112" path="1" offsetend="5" fileid="10" />
              </BranchPoints>
              <MethodPoint xsi:type="SequencePoint" vc="0" uspid="367" ordinal="0" offset="0" sl="110" sc="9" el="110" ec="10" bec="0" bev="0" fileid="10" />
            </Method>
            <Method visited="true" cyclomaticComplexity="4" nPathComplexity="2" sequenceCoverage="100" branchCoverage="100" crapScore="4" isConstructor="false" isStatic="false" isGetter="false" isSetter="false">
              <Summary numSequencePoints="15" visitedSequencePoints="15" numBranchPoints="3" visitedBranchPoints="3" sequenceCoverage="100" branchCoverage="100" maxCyclomaticComplexity="4" minCyclomaticComplexity="4" maxCrapScore="4" minCrapScore="4" visitedClasses="0" numClasses="0" visitedMethods="1" numMethods="1" />
              <MetadataToken>100663329</MetadataToken>
              <Name>System.Boolean Assignment5.RecipeBook::Save(System.String)</Name>
              <FileRef uid="10" />
              <SequencePoints>
                <SequencePoint vc="2" uspid="386" ordinal="0" offset="0" sl="127" sc="9" el="127" ec="10" bec="0" bev="0" fileid="10">
                  <TrackedMethodRefs>
                    <TrackedMethodRef uid="4" vc="1" />
                    <TrackedMethodRef uid="3" vc="1" />
                  </TrackedMethodRefs>
                </SequencePoint>
                <SequencePoint vc="2" uspid="387" ordinal="1" offset="1" sl="128" sc="20" el="128" ec="97" bec="0" bev="0" fileid="10">
                  <TrackedMethodRefs>
                    <TrackedMethodRef uid="4" vc="1" />
                    <TrackedMethodRef uid="3" vc="1" />
                  </TrackedMethodRefs>
                </SequencePoint>
                <SequencePoint vc="2" uspid="388" ordinal="2" offset="14" sl="129" sc="13" el="129" ec="14" bec="0" bev="0" fileid="10">
                  <TrackedMethodRefs>
                    <TrackedMethodRef uid="4" vc="1" />
                    <TrackedMethodRef uid="3" vc="1" />
                  </TrackedMethodRefs>
                </SequencePoint>
                <SequencePoint vc="2" uspid="389" ordinal="3" offset="15" sl="130" sc="17" el="130" ec="24" bec="0" bev="0" fileid="10">
                  <TrackedMethodRefs>
                    <TrackedMethodRef uid="4" vc="1" />
                    <TrackedMethodRef uid="3" vc="1" />
                  </TrackedMethodRefs>
                </SequencePoint>
                <SequencePoint vc="2" uspid="390" ordinal="4" offset="16" sl="130" sc="35" el="130" ec="41" bec="0" bev="0" fileid="10">
                  <TrackedMethodRefs>
                    <TrackedMethodRef uid="4" vc="1" />
                    <TrackedMethodRef uid="3" vc="1" />
                  </TrackedMethodRefs>
                </SequencePoint>
                <SequencePoint vc="4" uspid="391" ordinal="5" offset="27" sl="130" sc="26" el="130" ec="31" bec="0" bev="0" fileid="10">
                  <TrackedMethodRefs>
                    <TrackedMethodRef uid="4" vc="2" />
                    <TrackedMethodRef uid="3" vc="2" />
                  </TrackedMethodRefs>
                </SequencePoint>
                <SequencePoint vc="4" uspid="392" ordinal="6" offset="31" sl="131" sc="17" el="131" ec="18" bec="0" bev="0" fileid="10">
                  <TrackedMethodRefs>
                    <TrackedMethodRef uid="4" vc="2" />
                    <TrackedMethodRef uid="3" vc="2" />
                  </TrackedMethodRefs>
                </SequencePoint>
                <SequencePoint vc="4" uspid="393" ordinal="7" offset="32" sl="132" sc="21" el="132" ec="35" bec="2" bev="2" fileid="10">
                  <TrackedMethodRefs>
                    <TrackedMethodRef uid="4" vc="2" />
                    <TrackedMethodRef uid="3" vc="2" />
                  </TrackedMethodRefs>
                </SequencePoint>
                <SequencePoint vc="2" uspid="394" ordinal="8" offset="42" sl="133" sc="21" el="133" ec="22" bec="0" bev="0" fileid="10">
                  <TrackedMethodRefs>
                    <TrackedMethodRef uid="4" vc="1" />
                    <TrackedMethodRef uid="3" vc="1" />
                  </TrackedMethodRefs>
                </SequencePoint>
                <SequencePoint vc="2" uspid="395" ordinal="9" offset="43" sl="134" sc="25" el="134" ec="45" bec="0" bev="0" fileid="10">
                  <TrackedMethodRefs>
                    <TrackedMethodRef uid="4" vc="1" />
                    <TrackedMethodRef uid="3" vc="1" />
                  </TrackedMethodRefs>
                </SequencePoint>
                <SequencePoint vc="2" uspid="396" ordinal="10" offset="51" sl="135" sc="21" el="135" ec="22" bec="0" bev="0" fileid="10">
                  <TrackedMethodRefs>
                    <TrackedMethodRef uid="4" vc="1" />
                    <TrackedMethodRef uid="3" vc="1" />
                  </TrackedMethodRefs>
                </SequencePoint>
                <SequencePoint vc="4" uspid="397" ordinal="11" offset="52" sl="136" sc="17" el="136" ec="18" bec="0" bev="0" fileid="10">
                  <TrackedMethodRefs>
                    <TrackedMethodRef uid="4" vc="2" />
                    <TrackedMethodRef uid="3" vc="2" />
                  </TrackedMethodRefs>
                </SequencePoint>
                <SequencePoint vc="6" uspid="398" ordinal="12" offset="57" sl="130" sc="32" el="130" ec="34" bec="0" bev="0" fileid="10">
                  <TrackedMethodRefs>
                    <TrackedMethodRef uid="4" vc="3" />
                    <TrackedMethodRef uid="3" vc="3" />
                  </TrackedMethodRefs>
                </SequencePoint>
                <SequencePoint vc="2" uspid="399" ordinal="13" offset="63" sl="137" sc="17" el="137" ec="29" bec="0" bev="0" fileid="10">
                  <TrackedMethodRefs>
                    <TrackedMethodRef uid="4" vc="1" />
                    <TrackedMethodRef uid="3" vc="1" />
                  </TrackedMethodRefs>
                </SequencePoint>
                <SequencePoint vc="2" uspid="400" ordinal="14" offset="79" sl="139" sc="9" el="139" ec="10" bec="0" bev="0" fileid="10">
                  <TrackedMethodRefs>
                    <TrackedMethodRef uid="4" vc="1" />
                    <TrackedMethodRef uid="3" vc="1" />
                  </TrackedMethodRefs>
                </SequencePoint>
              </SequencePoints>
              <BranchPoints>
                <BranchPoint vc="2" uspid="401" ordinal="0" offset="40" sl="132" path="0" offsetend="42" fileid="10">
                  <TrackedMethodRefs>
                    <TrackedMethodRef uid="4" vc="1" />
                    <TrackedMethodRef uid="3" vc="1" />
                  </TrackedMethodRefs>
                </BranchPoint>
                <BranchPoint vc="2" uspid="402" ordinal="1" offset="40" sl="132" path="1" offsetend="52" fileid="10">
                  <TrackedMethodRefs>
                    <TrackedMethodRef uid="4" vc="1" />
                    <TrackedMethodRef uid="3" vc="1" />
                  </TrackedMethodRefs>
                </BranchPoint>
              </BranchPoints>
              <MethodPoint xsi:type="SequencePoint" vc="2" uspid="386" ordinal="0" offset="0" sl="127" sc="9" el="127" ec="10" bec="0" bev="0" fileid="10">
                <TrackedMethodRefs>
                  <TrackedMethodRef uid="4" vc="1" />
                  <TrackedMethodRef uid="3" vc="1" />
                </TrackedMethodRefs>
              </MethodPoint>
            </Method>
            <Method visited="true" cyclomaticComplexity="5" nPathComplexity="8" sequenceCoverage="94.44" branchCoverage="71.43" crapScore="5.00" isConstructor="false" isStatic="false" isGetter="false" isSetter="false">
              <Summary numSequencePoints="18" visitedSequencePoints="17" numBranchPoints="7" visitedBranchPoints="5" sequenceCoverage="94.44" branchCoverage="71.43" maxCyclomaticComplexity="5" minCyclomaticComplexity="5" maxCrapScore="5.00" minCrapScore="5.00" visitedClasses="0" numClasses="0" visitedMethods="1" numMethods="1" />
              <MetadataToken>100663330</MetadataToken>
              <Name>System.Boolean Assignment5.RecipeBook::Load(System.String)</Name>
              <FileRef uid="10" />
              <SequencePoints>
                <SequencePoint vc="1" uspid="405" ordinal="0" offset="0" sl="148" sc="13" el="148" ec="14" bec="0" bev="0" fileid="10">
                  <TrackedMethodRefs>
                    <TrackedMethodRef uid="4" vc="1" />
                  </TrackedMethodRefs>
                </SequencePoint>
                <SequencePoint vc="1" uspid="406" ordinal="1" offset="1" sl="149" sc="17" el="149" ec="51" bec="2" bev="1" fileid="10">
                  <TrackedMethodRefs>
                    <TrackedMethodRef uid="4" vc="1" />
                  </TrackedMethodRefs>
                </SequencePoint>
                <SequencePoint vc="0" uspid="407" ordinal="2" offset="14" sl="150" sc="21" el="150" ec="34" bec="0" bev="0" fileid="10" />
                <SequencePoint vc="1" uspid="408" ordinal="3" offset="18" sl="152" sc="23" el="152" ec="78" bec="0" bev="0" fileid="10">
                  <TrackedMethodRefs>
                    <TrackedMethodRef uid="4" vc="1" />
                  </TrackedMethodRefs>
                </SequencePoint>
                <SequencePoint vc="1" uspid="409" ordinal="4" offset="25" sl="153" sc="17" el="153" ec="18" bec="0" bev="0" fileid="10">
                  <TrackedMethodRefs>
                    <TrackedMethodRef uid="4" vc="1" />
                  </TrackedMethodRefs>
                </SequencePoint>
                <SequencePoint vc="1" uspid="410" ordinal="5" offset="26" sl="156" sc="26" el="156" ec="35" bec="0" bev="0" fileid="10">
                  <TrackedMethodRefs>
                    <TrackedMethodRef uid="4" vc="1" />
                  </TrackedMethodRefs>
                </SequencePoint>
                <SequencePoint vc="2" uspid="411" ordinal="6" offset="30" sl="157" sc="21" el="157" ec="22" bec="0" bev="0" fileid="10">
                  <TrackedMethodRefs>
                    <TrackedMethodRef uid="4" vc="2" />
                  </TrackedMethodRefs>
                </SequencePoint>
                <SequencePoint vc="2" uspid="412" ordinal="7" offset="31" sl="158" sc="25" el="158" ec="63" bec="0" bev="0" fileid="10">
                  <TrackedMethodRefs>
                    <TrackedMethodRef uid="4" vc="2" />
                  </TrackedMethodRefs>
                </SequencePoint>
                <SequencePoint vc="2" uspid="413" ordinal="8" offset="39" sl="159" sc="25" el="159" ec="39" bec="2" bev="2" fileid="10">
                  <TrackedMethodRefs>
                    <TrackedMethodRef uid="4" vc="2" />
                  </TrackedMethodRefs>
                </SequencePoint>
                <SequencePoint vc="1" uspid="414" ordinal="9" offset="50" sl="160" sc="25" el="160" ec="26" bec="0" bev="0" fileid="10">
                  <TrackedMethodRefs>
                    <TrackedMethodRef uid="4" vc="1" />
                  </TrackedMethodRefs>
                </SequencePoint>
                <SequencePoint vc="1" uspid="415" ordinal="10" offset="51" sl="162" sc="29" el="162" ec="35" bec="0" bev="0" fileid="10">
                  <TrackedMethodRefs>
                    <TrackedMethodRef uid="4" vc="1" />
                  </TrackedMethodRefs>
                </SequencePoint>
                <SequencePoint vc="1" uspid="416" ordinal="11" offset="53" sl="164" sc="25" el="164" ec="39" bec="0" bev="0" fileid="10">
                  <TrackedMethodRefs>
                    <TrackedMethodRef uid="4" vc="1" />
                  </TrackedMethodRefs>
                </SequencePoint>
                <SequencePoint vc="1" uspid="417" ordinal="12" offset="63" sl="165" sc="21" el="165" ec="22" bec="0" bev="0" fileid="10">
                  <TrackedMethodRefs>
                    <TrackedMethodRef uid="4" vc="1" />
                  </TrackedMethodRefs>
                </SequencePoint>
                <SequencePoint vc="1" uspid="418" ordinal="13" offset="64" sl="156" sc="56" el="156" ec="59" bec="0" bev="0" fileid="10">
                  <TrackedMethodRefs>
                    <TrackedMethodRef uid="4" vc="1" />
                  </TrackedMethodRefs>
                </SequencePoint>
                <SequencePoint vc="2" uspid="419" ordinal="14" offset="68" sl="156" sc="37" el="156" ec="54" bec="2" bev="1" fileid="10">
                  <TrackedMethodRefs>
                    <TrackedMethodRef uid="4" vc="2" />
                  </TrackedMethodRefs>
                </SequencePoint>
                <SequencePoint vc="1" uspid="420" ordinal="15" offset="85" sl="166" sc="17" el="166" ec="18" bec="0" bev="0" fileid="10">
                  <TrackedMethodRefs>
                    <TrackedMethodRef uid="4" vc="1" />
                  </TrackedMethodRefs>
                </SequencePoint>
                <SequencePoint vc="1" uspid="421" ordinal="16" offset="99" sl="167" sc="17" el="167" ec="29" bec="0" bev="0" fileid="10">
                  <TrackedMethodRefs>
                    <TrackedMethodRef uid="4" vc="1" />
                  </TrackedMethodRefs>
                </SequencePoint>
                <SequencePoint vc="1" uspid="422" ordinal="17" offset="103" sl="168" sc="13" el="168" ec="14" bec="0" bev="0" fileid="10">
                  <TrackedMethodRefs>
                    <TrackedMethodRef uid="4" vc="1" />
                  </TrackedMethodRefs>
                </SequencePoint>
              </SequencePoints>
              <BranchPoints>
                <BranchPoint vc="0" uspid="423" ordinal="0" offset="12" sl="149" path="0" offsetend="14" fileid="10" />
                <BranchPoint vc="1" uspid="424" ordinal="1" offset="12" sl="149" path="1" offsetend="18" fileid="10">
                  <TrackedMethodRefs>
                    <TrackedMethodRef uid="4" vc="1" />
                  </TrackedMethodRefs>
                </BranchPoint>
                <BranchPoint vc="1" uspid="425" ordinal="2" offset="48" sl="159" path="0" offsetend="50" fileid="10">
                  <TrackedMethodRefs>
                    <TrackedMethodRef uid="4" vc="1" />
                  </TrackedMethodRefs>
                </BranchPoint>
                <BranchPoint vc="1" uspid="426" ordinal="3" offset="48" sl="159" path="1" offsetend="53" fileid="10">
                  <TrackedMethodRefs>
                    <TrackedMethodRef uid="4" vc="1" />
                  </TrackedMethodRefs>
                </BranchPoint>
                <BranchPoint vc="0" uspid="427" ordinal="4" offset="83" sl="156" path="0" offsetend="85" fileid="10" />
                <BranchPoint vc="2" uspid="428" ordinal="5" offset="83" sl="156" path="1" offsetend="30" fileid="10">
                  <TrackedMethodRefs>
                    <TrackedMethodRef uid="4" vc="2" />
                  </TrackedMethodRefs>
                </BranchPoint>
              </BranchPoints>
              <MethodPoint xsi:type="SequencePoint" vc="1" uspid="405" ordinal="0" offset="0" sl="148" sc="13" el="148" ec="14" bec="0" bev="0" fileid="10">
                <TrackedMethodRefs>
                  <TrackedMethodRef uid="4" vc="1" />
                </TrackedMethodRefs>
              </MethodPoint>
            </Method>
          </Methods>
        </Class>
      </Classes>
      <TrackedMethods />
    </Module>
  </Modules>
</CoverageSession>